TN:
SF:/usr/include/c++/4.8.2/bits/alloc_traits.h
FN:253,_ZNSt16allocator_traitsISaISt4pairImmEEE12_S_constructIS1_IS1_EEENSt9enable_ifIXsrNS3_18__construct_helperIT_IDpT0_EEE5valueEvE4typeERS2_PS7_DpOS8_
FN:253,_ZNSt16allocator_traitsISaISt13_Rb_tree_nodeISt4pairIKPKvN7testing12_GLOBAL__N_115MockObjectStateEEEEE12_S_constructIS9_IRKSt21piecewise_construct_tSt5tupleIIRS4_EESG_IIEEEEENSt9enable_ifIXsrNSB_18__construct_helperIT_IDpT0_EEE5valueEvE4typeERSA_PSM_DpOSN_
FN:253,_ZNSt16allocator_traitsISaISt13_Rb_tree_nodeISt4pairIKPKvN7testing8internal12CallReactionEEEEE12_S_constructIS9_IRKSt21piecewise_construct_tSt5tupleIIRS4_EESG_IIEEEEENSt9enable_ifIXsrNSB_18__construct_helperIT_IDpT0_EEE5valueEvE4typeERSA_PSM_DpOSN_
FN:253,_ZNSt16allocator_traitsISaISt13_Rb_tree_nodeIN7testing11ExpectationEEEE12_S_constructIS3_IRKS2_EEENSt9enable_ifIXsrNS5_18__construct_helperIT_IDpT0_EEE5valueEvE4typeERS4_PSB_DpOSC_
FN:253,_ZNSt16allocator_traitsISaISt13_Rb_tree_nodeIPN7testing8internal25UntypedFunctionMockerBaseEEEE12_S_constructIS5_IRKS4_EEENSt9enable_ifIXsrNS7_18__construct_helperIT_IDpT0_EEE5valueEvE4typeERS6_PSD_DpOSE_
FN:253,_ZNSt16allocator_traitsISaISt13_Rb_tree_nodeISt4pairIKPKvN7testing12_GLOBAL__N_115MockObjectStateEEEEE12_S_constructIS9_IRKSt21piecewise_construct_tSt5tupleIIOS3_EESG_IIEEEEENSt9enable_ifIXsrNSB_18__construct_helperIT_IDpT0_EEE5valueEvE4typeERSA_PSM_DpOSN_
FN:280,_ZNSt16allocator_traitsISaISt4pairImmEEE10_S_destroyIS1_EENSt9enable_ifIXsrNS3_16__destroy_helperIT_EE5valueEvE4typeERS2_PS7_
FN:305,_ZNSt16allocator_traitsISaISt4pairImmEEE11_S_max_sizeIKS2_EENSt9enable_ifIXsrNS3_16__maxsize_helperIT_EE5valueEmE4typeERS8_
FN:391,_ZNSt16allocator_traitsISaISt13_Rb_tree_nodeIN7testing11ExpectationEEEE9constructIS3_IRKS2_EEEDTcl12_S_constructfp_fp0_spcl7forwardIT0_Efp1_EEERS4_PT_DpOS9_
FN:391,_ZNSt16allocator_traitsISaISt13_Rb_tree_nodeISt4pairIKPKvN7testing12_GLOBAL__N_115MockObjectStateEEEEE9constructIS9_IRKSt21piecewise_construct_tSt5tupleIIRS4_EESG_IIEEEEEDTcl12_S_constructfp_fp0_spcl7forwardIT0_Efp1_EEERSA_PT_DpOSK_
FN:391,_ZNSt16allocator_traitsISaISt13_Rb_tree_nodeISt4pairIKPKvN7testing8internal12CallReactionEEEEE9constructIS9_IRKSt21piecewise_construct_tSt5tupleIIRS4_EESG_IIEEEEEDTcl12_S_constructfp_fp0_spcl7forwardIT0_Efp1_EEERSA_PT_DpOSK_
FN:391,_ZNSt16allocator_traitsISaISt13_Rb_tree_nodeISt4pairIKPKvN7testing12_GLOBAL__N_115MockObjectStateEEEEE9constructIS9_IRKSt21piecewise_construct_tSt5tupleIIOS3_EESG_IIEEEEEDTcl12_S_constructfp_fp0_spcl7forwardIT0_Efp1_EEERSA_PT_DpOSK_
FN:391,_ZNSt16allocator_traitsISaISt4pairImmEEE9constructIS1_IS1_EEEDTcl12_S_constructfp_fp0_spcl7forwardIT0_Efp1_EEERS2_PT_DpOS5_
FN:391,_ZNSt16allocator_traitsISaISt13_Rb_tree_nodeIPN7testing8internal25UntypedFunctionMockerBaseEEEE9constructIS5_IRKS4_EEEDTcl12_S_constructfp_fp0_spcl7forwardIT0_Efp1_EEERS6_PT_DpOSB_
FN:404,_ZNSt16allocator_traitsISaISt4pairImmEEE7destroyIS1_EEvRS2_PT_
FN:415,_ZNSt16allocator_traitsISaISt4pairImmEEE8max_sizeERKS2_
FN:501,_ZSt18__do_alloc_on_swapISaIcEEvRT_S2_St17integral_constantIbLb0EE
FN:501,_ZSt18__do_alloc_on_swapISaIN7testing8internal10linked_ptrINS1_15ExpectationBaseEEEEEvRT_S7_St17integral_constantIbLb0EE
FN:505,_ZSt15__alloc_on_swapISaIN7testing8internal10linked_ptrINS1_15ExpectationBaseEEEEEvRT_S7_
FN:505,_ZSt15__alloc_on_swapISaIcEEvRT_S2_
FNDA:0,_ZNSt16allocator_traitsISaISt13_Rb_tree_nodeIPN7testing8internal25UntypedFunctionMockerBaseEEEE12_S_constructIS5_IRKS4_EEENSt9enable_ifIXsrNS7_18__construct_helperIT_IDpT0_EEE5valueEvE4typeERS6_PSD_DpOSE_
FNDA:0,_ZNSt16allocator_traitsISaISt13_Rb_tree_nodeIN7testing11ExpectationEEEE12_S_constructIS3_IRKS2_EEENSt9enable_ifIXsrNS5_18__construct_helperIT_IDpT0_EEE5valueEvE4typeERS4_PSB_DpOSC_
FNDA:0,_ZNSt16allocator_traitsISaISt13_Rb_tree_nodeISt4pairIKPKvN7testing12_GLOBAL__N_115MockObjectStateEEEEE12_S_constructIS9_IRKSt21piecewise_construct_tSt5tupleIIOS3_EESG_IIEEEEENSt9enable_ifIXsrNSB_18__construct_helperIT_IDpT0_EEE5valueEvE4typeERSA_PSM_DpOSN_
FNDA:0,_ZNSt16allocator_traitsISaISt13_Rb_tree_nodeISt4pairIKPKvN7testing12_GLOBAL__N_115MockObjectStateEEEEE12_S_constructIS9_IRKSt21piecewise_construct_tSt5tupleIIRS4_EESG_IIEEEEENSt9enable_ifIXsrNSB_18__construct_helperIT_IDpT0_EEE5valueEvE4typeERSA_PSM_DpOSN_
FNDA:0,_ZNSt16allocator_traitsISaISt13_Rb_tree_nodeISt4pairIKPKvN7testing8internal12CallReactionEEEEE12_S_constructIS9_IRKSt21piecewise_construct_tSt5tupleIIRS4_EESG_IIEEEEENSt9enable_ifIXsrNSB_18__construct_helperIT_IDpT0_EEE5valueEvE4typeERSA_PSM_DpOSN_
FNDA:0,_ZNSt16allocator_traitsISaISt4pairImmEEE12_S_constructIS1_IS1_EEENSt9enable_ifIXsrNS3_18__construct_helperIT_IDpT0_EEE5valueEvE4typeERS2_PS7_DpOS8_
FNDA:0,_ZNSt16allocator_traitsISaISt4pairImmEEE10_S_destroyIS1_EENSt9enable_ifIXsrNS3_16__destroy_helperIT_EE5valueEvE4typeERS2_PS7_
FNDA:0,_ZNSt16allocator_traitsISaISt4pairImmEEE11_S_max_sizeIKS2_EENSt9enable_ifIXsrNS3_16__maxsize_helperIT_EE5valueEmE4typeERS8_
FNDA:0,_ZNSt16allocator_traitsISaISt13_Rb_tree_nodeIPN7testing8internal25UntypedFunctionMockerBaseEEEE9constructIS5_IRKS4_EEEDTcl12_S_constructfp_fp0_spcl7forwardIT0_Efp1_EEERS6_PT_DpOSB_
FNDA:0,_ZNSt16allocator_traitsISaISt13_Rb_tree_nodeIN7testing11ExpectationEEEE9constructIS3_IRKS2_EEEDTcl12_S_constructfp_fp0_spcl7forwardIT0_Efp1_EEERS4_PT_DpOS9_
FNDA:0,_ZNSt16allocator_traitsISaISt13_Rb_tree_nodeISt4pairIKPKvN7testing12_GLOBAL__N_115MockObjectStateEEEEE9constructIS9_IRKSt21piecewise_construct_tSt5tupleIIOS3_EESG_IIEEEEEDTcl12_S_constructfp_fp0_spcl7forwardIT0_Efp1_EEERSA_PT_DpOSK_
FNDA:0,_ZNSt16allocator_traitsISaISt13_Rb_tree_nodeISt4pairIKPKvN7testing12_GLOBAL__N_115MockObjectStateEEEEE9constructIS9_IRKSt21piecewise_construct_tSt5tupleIIRS4_EESG_IIEEEEEDTcl12_S_constructfp_fp0_spcl7forwardIT0_Efp1_EEERSA_PT_DpOSK_
FNDA:0,_ZNSt16allocator_traitsISaISt13_Rb_tree_nodeISt4pairIKPKvN7testing8internal12CallReactionEEEEE9constructIS9_IRKSt21piecewise_construct_tSt5tupleIIRS4_EESG_IIEEEEEDTcl12_S_constructfp_fp0_spcl7forwardIT0_Efp1_EEERSA_PT_DpOSK_
FNDA:0,_ZNSt16allocator_traitsISaISt4pairImmEEE9constructIS1_IS1_EEEDTcl12_S_constructfp_fp0_spcl7forwardIT0_Efp1_EEERS2_PT_DpOS5_
FNDA:0,_ZNSt16allocator_traitsISaISt4pairImmEEE7destroyIS1_EEvRS2_PT_
FNDA:0,_ZNSt16allocator_traitsISaISt4pairImmEEE8max_sizeERKS2_
FNDA:0,_ZSt18__do_alloc_on_swapISaIcEEvRT_S2_St17integral_constantIbLb0EE
FNDA:0,_ZSt18__do_alloc_on_swapISaIN7testing8internal10linked_ptrINS1_15ExpectationBaseEEEEEvRT_S7_St17integral_constantIbLb0EE
FNDA:0,_ZSt15__alloc_on_swapISaIcEEvRT_S2_
FNDA:0,_ZSt15__alloc_on_swapISaIN7testing8internal10linked_ptrINS1_15ExpectationBaseEEEEEvRT_S7_
FNF:20
FNH:0
DA:253,0
DA:254,0
DA:280,0
DA:281,0
DA:305,0
DA:306,0
DA:391,0
DA:393,0
DA:404,0
DA:405,0
DA:415,0
DA:416,0
DA:501,0
DA:502,0
DA:505,0
DA:509,0
DA:510,0
LF:17
LH:0
end_of_record
SF:/usr/include/c++/4.8.2/bits/allocator.h
FN:113,_ZNSaIN7testing8internal10linked_ptrINS0_15ExpectationBaseEEEEC2Ev
FN:113,_ZNSaISt13_Rb_tree_nodeIPN7testing8internal25UntypedFunctionMockerBaseEEEC2Ev
FN:113,_ZNSaISt4pairImmEEC2Ev
FN:113,_ZNSaISt13_Rb_tree_nodeISt4pairIKPKvN7testing12_GLOBAL__N_115MockObjectStateEEEEC2Ev
FN:113,_ZNSaIPKvEC2Ev
FN:113,_ZNSaImEC2Ev
FN:113,_ZNSaISt13_Rb_tree_nodeISt4pairIKPKvN7testing8internal12CallReactionEEEEC2Ev
FN:113,_ZNSaISt13_Rb_tree_nodeIN7testing11ExpectationEEEC2Ev
FN:115,_ZNSaImEC2ERKS_
FN:121,_ZNSaIN7testing8internal10linked_ptrINS0_15ExpectationBaseEEEED2Ev
FN:121,_ZNSaISt13_Rb_tree_nodeIN7testing11ExpectationEEED2Ev
FN:121,_ZNSaISt13_Rb_tree_nodeISt4pairIKPKvN7testing12_GLOBAL__N_115MockObjectStateEEEED2Ev
FN:121,_ZNSaISt13_Rb_tree_nodeISt4pairIKPKvN7testing8internal12CallReactionEEEED2Ev
FN:121,_ZNSaISt13_Rb_tree_nodeIPN7testing8internal25UntypedFunctionMockerBaseEEED2Ev
FN:121,_ZNSaISt4pairImmEED2Ev
FN:121,_ZNSaIPKvED2Ev
FN:121,_ZNSaImED2Ev
FN:133,_ZSteqIcEbRKSaIT_ES3_
FNDA:1,_ZNSaISt13_Rb_tree_nodeISt4pairIKPKvN7testing8internal12CallReactionEEEEC2Ev
FNDA:1,_ZNSaISt13_Rb_tree_nodeISt4pairIKPKvN7testing12_GLOBAL__N_115MockObjectStateEEEEC2Ev
FNDA:0,_ZNSaISt13_Rb_tree_nodeIPN7testing8internal25UntypedFunctionMockerBaseEEEC2Ev
FNDA:0,_ZNSaIN7testing8internal10linked_ptrINS0_15ExpectationBaseEEEEC2Ev
FNDA:0,_ZNSaIPKvEC2Ev
FNDA:0,_ZNSaISt4pairImmEEC2Ev
FNDA:0,_ZNSaISt13_Rb_tree_nodeIN7testing11ExpectationEEEC2Ev
FNDA:0,_ZNSaImEC2Ev
FNDA:0,_ZNSaImEC2ERKS_
FNDA:1,_ZNSaISt13_Rb_tree_nodeISt4pairIKPKvN7testing8internal12CallReactionEEEED2Ev
FNDA:0,_ZNSaIN7testing8internal10linked_ptrINS0_15ExpectationBaseEEEED2Ev
FNDA:0,_ZNSaIPKvED2Ev
FNDA:0,_ZNSaISt4pairImmEED2Ev
FNDA:1,_ZNSaISt13_Rb_tree_nodeISt4pairIKPKvN7testing12_GLOBAL__N_115MockObjectStateEEEED2Ev
FNDA:0,_ZNSaISt13_Rb_tree_nodeIPN7testing8internal25UntypedFunctionMockerBaseEEED2Ev
FNDA:0,_ZNSaISt13_Rb_tree_nodeIN7testing11ExpectationEEED2Ev
FNDA:0,_ZNSaImED2Ev
FNDA:0,_ZSteqIcEbRKSaIT_ES3_
FNF:18
FNH:4
DA:113,2
DA:115,0
DA:116,0
DA:121,2
DA:133,0
DA:134,0
LF:6
LH:2
end_of_record
SF:/usr/include/c++/4.8.2/bits/basic_ios.h
FN:46,_ZSt13__check_facetISt5ctypeIcEERKT_PS3_
FNDA:0,_ZSt13__check_facetISt5ctypeIcEERKT_PS3_
FNF:1
FNH:0
DA:46,0
DA:48,0
DA:49,0
DA:50,0
LF:4
LH:0
end_of_record
SF:/usr/include/c++/4.8.2/bits/basic_string.h
FN:272,_ZNSs12_Alloc_hiderC2ERKS_
FN:272,_ZNSs12_Alloc_hiderD2Ev
FN:1721,_ZNSs16_S_construct_auxIPcEES0_T_S1_RKSaIcESt12__false_type
FN:1743,_ZNSs12_S_constructIPcEES0_T_S1_RKSaIcE
FN:2442,_ZStplIcSt11char_traitsIcESaIcEESbIT_T0_T1_EOS6_S7_
FN:2454,_ZStplIcSt11char_traitsIcESaIcEESbIT_T0_T1_EPKS3_OS6_
FN:2466,_ZStplIcSt11char_traitsIcESaIcEESbIT_T0_T1_EOS6_PKS3_
FN:2493,_ZSteqIcEN9__gnu_cxx11__enable_ifIXsrSt9__is_charIT_E7__valueEbE6__typeERKSbIS3_St11char_traitsIS3_ESaIS3_EESC_
FN:2519,_ZSteqIcSt11char_traitsIcESaIcEEbRKSbIT_T0_T1_EPKS3_
FN:2556,_ZStneIcSt11char_traitsIcESaIcEEbRKSbIT_T0_T1_EPKS3_
FNDA:0,_ZNSs12_Alloc_hiderC2ERKS_
FNDA:0,_ZNSs12_Alloc_hiderD2Ev
FNDA:0,_ZNSs16_S_construct_auxIPcEES0_T_S1_RKSaIcESt12__false_type
FNDA:0,_ZNSs12_S_constructIPcEES0_T_S1_RKSaIcE
FNDA:0,_ZStplIcSt11char_traitsIcESaIcEESbIT_T0_T1_EOS6_S7_
FNDA:0,_ZStplIcSt11char_traitsIcESaIcEESbIT_T0_T1_EPKS3_OS6_
FNDA:0,_ZStplIcSt11char_traitsIcESaIcEESbIT_T0_T1_EOS6_PKS3_
FNDA:0,_ZSteqIcEN9__gnu_cxx11__enable_ifIXsrSt9__is_charIT_E7__valueEbE6__typeERKSbIS3_St11char_traitsIS3_ESaIS3_EESC_
FNDA:0,_ZSteqIcSt11char_traitsIcESaIcEEbRKSbIT_T0_T1_EPKS3_
FNDA:0,_ZStneIcSt11char_traitsIcESaIcEEbRKSbIT_T0_T1_EPKS3_
FNF:10
FNH:0
DA:272,0
DA:1721,0
DA:1725,0
DA:1743,0
DA:1746,0
DA:2442,0
DA:2445,0
DA:2446,0
DA:2447,0
DA:2448,0
DA:2449,0
DA:2454,0
DA:2456,0
DA:2466,0
DA:2468,0
DA:2493,0
DA:2495,0
DA:2497,0
DA:2519,0
DA:2521,0
DA:2556,0
DA:2558,0
LF:22
LH:0
end_of_record
SF:/usr/include/c++/4.8.2/bits/basic_string.tcc
FN:123,_ZNSs12_S_constructIPcEES0_T_S1_RKSaIcESt20forward_iterator_tag
FN:227,_ZNSsC2IPcEET_S1_RKSaIcE
FN:692,_ZStplIcSt11char_traitsIcESaIcEESbIT_T0_T1_EPKS3_RKS6_
FNDA:0,_ZNSs12_S_constructIPcEES0_T_S1_RKSaIcESt20forward_iterator_tag
FNDA:0,_ZNSsC2IPcEET_S1_RKSaIcE
FNDA:0,_ZStplIcSt11char_traitsIcESaIcEESbIT_T0_T1_EPKS3_RKS6_
FNF:3
FNH:0
DA:123,0
DA:128,0
DA:129,0
DA:132,0
DA:133,0
DA:136,0
DA:138,0
DA:140,0
DA:141,0
DA:143,0
DA:144,0
DA:146,0
DA:147,0
DA:227,0
DA:229,0
DA:230,0
DA:692,0
DA:698,0
DA:699,0
DA:700,0
DA:701,0
DA:702,0
DA:703,0
LF:23
LH:0
end_of_record
SF:/usr/include/c++/4.8.2/bits/char_traits.h
FN:242,_ZNSt11char_traitsIcE6assignERcRKc
FN:254,_ZNSt11char_traitsIcE7compareEPKcS2_m
FN:258,_ZNSt11char_traitsIcE6lengthEPKc
FN:270,_ZNSt11char_traitsIcE4copyEPcPKcm
FNDA:0,_ZNSt11char_traitsIcE6assignERcRKc
FNDA:0,_ZNSt11char_traitsIcE7compareEPKcS2_m
FNDA:0,_ZNSt11char_traitsIcE6lengthEPKc
FNDA:0,_ZNSt11char_traitsIcE4copyEPcPKcm
FNF:4
FNH:0
DA:242,0
DA:243,0
DA:254,0
DA:255,0
DA:258,0
DA:259,0
DA:270,0
DA:271,0
LF:8
LH:0
end_of_record
SF:/usr/include/c++/4.8.2/bits/ios_base.h
FN:119,_ZStorSt13_Ios_OpenmodeS_
FN:157,_ZStorSt12_Ios_IostateS_
FNDA:0,_ZStorSt13_Ios_OpenmodeS_
FNDA:0,_ZStorSt12_Ios_IostateS_
FNF:2
FNH:0
DA:119,0
DA:120,0
DA:157,0
DA:158,0
LF:4
LH:0
end_of_record
SF:/usr/include/c++/4.8.2/bits/locale_facets.h
FN:865,_ZNKSt5ctypeIcE5widenEc
FNDA:0,_ZNKSt5ctypeIcE5widenEc
FNF:1
FNH:0
DA:865,0
DA:867,0
DA:868,0
DA:869,0
DA:870,0
LF:5
LH:0
end_of_record
SF:/usr/include/c++/4.8.2/bits/move.h
FN:47,_ZSt11__addressofISt4pairImmEEPT_RS2_
FN:47,_ZSt11__addressofIN7testing8internal10linked_ptrINS1_15ExpectationBaseEEEEPT_RS5_
FN:47,_ZSt11__addressofIKSt4pairIKPKvN7testing12_GLOBAL__N_115MockObjectStateEEEPT_RS9_
FN:47,_ZSt11__addressofIKN7testing11ExpectationEEPT_RS3_
FN:47,_ZSt11__addressofISt4pairIKPKvN7testing12_GLOBAL__N_115MockObjectStateEEEPT_RS8_
FN:76,_ZSt7forwardIRPSt13_Rb_tree_nodeIN7testing11ExpectationEEEOT_RNSt16remove_referenceIS6_E4typeE
FN:76,_ZSt7forwardIRKPKvEOT_RNSt16remove_referenceIS4_E4typeE
FN:76,_ZSt7forwardIRmEOT_RNSt16remove_referenceIS1_E4typeE
FN:76,_ZSt7forwardIOPKvEOT_RNSt16remove_referenceIS3_E4typeE
FN:76,_ZSt7forwardISt17_Rb_tree_iteratorIN7testing11ExpectationEEEOT_RNSt16remove_referenceIS4_E4typeE
FN:76,_ZSt7forwardIRbEOT_RNSt16remove_referenceIS1_E4typeE
FN:76,_ZSt7forwardIbEOT_RNSt16remove_referenceIS0_E4typeE
FN:76,_ZSt7forwardISt5tupleIIEEEOT_RNSt16remove_referenceIS2_E4typeE
FN:76,_ZSt7forwardIRSt17_Rb_tree_iteratorIN7testing11ExpectationEEEOT_RNSt16remove_referenceIS5_E4typeE
FN:76,_ZSt7forwardISt5tupleIIRKPKvEEEOT_RNSt16remove_referenceIS6_E4typeE
FN:76,_ZSt7forwardISt4pairImmEEOT_RNSt16remove_referenceIS2_E4typeE
FN:76,_ZSt7forwardIRPSt18_Rb_tree_node_baseEOT_RNSt16remove_referenceIS3_E4typeE
FN:76,_ZSt7forwardIRPSt13_Rb_tree_nodeIPN7testing8internal25UntypedFunctionMockerBaseEEEOT_RNSt16remove_referenceIS8_E4typeE
FN:76,_ZSt7forwardIRKSt21piecewise_construct_tEOT_RNSt16remove_referenceIS3_E4typeE
FN:76,_ZSt7forwardIPKvEOT_RNSt16remove_referenceIS2_E4typeE
FN:76,_ZSt7forwardIRKN7testing11ExpectationEEOT_RNSt16remove_referenceIS4_E4typeE
FN:76,_ZSt7forwardISt5tupleIIOPKvEEEOT_RNSt16remove_referenceIS5_E4typeE
FN:76,_ZSt7forwardIRKPN7testing8internal25UntypedFunctionMockerBaseEEOT_RNSt16remove_referenceIS6_E4typeE
FN:76,_ZSt7forwardIRSt17_Rb_tree_iteratorIPN7testing8internal25UntypedFunctionMockerBaseEEEOT_RNSt16remove_referenceIS7_E4typeE
FN:76,_ZSt7forwardIRPSt13_Rb_tree_nodeISt4pairIKPKvN7testing8internal12CallReactionEEEEOT_RNSt16remove_referenceISC_E4typeE
FN:76,_ZSt7forwardIRPSt13_Rb_tree_nodeISt4pairIKPKvN7testing12_GLOBAL__N_115MockObjectStateEEEEOT_RNSt16remove_referenceISC_E4typeE
FN:76,_ZSt7forwardISt17_Rb_tree_iteratorIPN7testing8internal25UntypedFunctionMockerBaseEEEOT_RNSt16remove_referenceIS6_E4typeE
FN:76,_ZSt7forwardISt17_Rb_tree_iteratorISt4pairIKPKvN7testing8internal12CallReactionEEEEOT_RNSt16remove_referenceISA_E4typeE
FN:101,_ZSt4moveIRSt4pairImmEEONSt16remove_referenceIT_E4typeEOS4_
FN:101,_ZSt4moveIRSsEONSt16remove_referenceIT_E4typeEOS2_
FN:101,_ZSt4moveIRPcEONSt16remove_referenceIT_E4typeEOS3_
FN:101,_ZSt4moveIRPN7testing8internal10linked_ptrINS1_15ExpectationBaseEEEEONSt16remove_referenceIT_E4typeEOS8_
FN:101,_ZSt4moveIRPKvEONSt16remove_referenceIT_E4typeEOS4_
FN:101,_ZSt4moveIRSt11_Tuple_implILm1EIEEEONSt16remove_referenceIT_E4typeEOS4_
FN:166,_ZSt4swapIPcEvRT_S2_
FN:166,_ZSt4swapIPN7testing8internal10linked_ptrINS1_15ExpectationBaseEEEEvRT_S7_
FNDA:0,_ZSt11__addressofISt4pairImmEEPT_RS2_
FNDA:0,_ZSt11__addressofIN7testing8internal10linked_ptrINS1_15ExpectationBaseEEEEPT_RS5_
FNDA:0,_ZSt11__addressofISt4pairIKPKvN7testing12_GLOBAL__N_115MockObjectStateEEEPT_RS8_
FNDA:0,_ZSt11__addressofIKSt4pairIKPKvN7testing12_GLOBAL__N_115MockObjectStateEEEPT_RS9_
FNDA:0,_ZSt11__addressofIKN7testing11ExpectationEEPT_RS3_
FNDA:0,_ZSt7forwardIRKPKvEOT_RNSt16remove_referenceIS4_E4typeE
FNDA:0,_ZSt7forwardIRPSt13_Rb_tree_nodeISt4pairIKPKvN7testing12_GLOBAL__N_115MockObjectStateEEEEOT_RNSt16remove_referenceISC_E4typeE
FNDA:0,_ZSt7forwardIRPSt13_Rb_tree_nodeISt4pairIKPKvN7testing8internal12CallReactionEEEEOT_RNSt16remove_referenceISC_E4typeE
FNDA:0,_ZSt7forwardIRPSt13_Rb_tree_nodeIPN7testing8internal25UntypedFunctionMockerBaseEEEOT_RNSt16remove_referenceIS8_E4typeE
FNDA:0,_ZSt7forwardISt17_Rb_tree_iteratorISt4pairIKPKvN7testing8internal12CallReactionEEEEOT_RNSt16remove_referenceISA_E4typeE
FNDA:0,_ZSt7forwardIRPSt13_Rb_tree_nodeIN7testing11ExpectationEEEOT_RNSt16remove_referenceIS6_E4typeE
FNDA:0,_ZSt7forwardIRPSt18_Rb_tree_node_baseEOT_RNSt16remove_referenceIS3_E4typeE
FNDA:0,_ZSt7forwardISt17_Rb_tree_iteratorIPN7testing8internal25UntypedFunctionMockerBaseEEEOT_RNSt16remove_referenceIS6_E4typeE
FNDA:0,_ZSt7forwardIRKPN7testing8internal25UntypedFunctionMockerBaseEEOT_RNSt16remove_referenceIS6_E4typeE
FNDA:0,_ZSt7forwardISt5tupleIIOPKvEEEOT_RNSt16remove_referenceIS5_E4typeE
FNDA:0,_ZSt7forwardIOPKvEOT_RNSt16remove_referenceIS3_E4typeE
FNDA:0,_ZSt7forwardIPKvEOT_RNSt16remove_referenceIS2_E4typeE
FNDA:0,_ZSt7forwardISt5tupleIIEEEOT_RNSt16remove_referenceIS2_E4typeE
FNDA:0,_ZSt7forwardISt5tupleIIRKPKvEEEOT_RNSt16remove_referenceIS6_E4typeE
FNDA:0,_ZSt7forwardIRKSt21piecewise_construct_tEOT_RNSt16remove_referenceIS3_E4typeE
FNDA:0,_ZSt7forwardISt4pairImmEEOT_RNSt16remove_referenceIS2_E4typeE
FNDA:0,_ZSt7forwardISt17_Rb_tree_iteratorIN7testing11ExpectationEEEOT_RNSt16remove_referenceIS4_E4typeE
FNDA:0,_ZSt7forwardIRKN7testing11ExpectationEEOT_RNSt16remove_referenceIS4_E4typeE
FNDA:0,_ZSt7forwardIbEOT_RNSt16remove_referenceIS0_E4typeE
FNDA:0,_ZSt7forwardIRSt17_Rb_tree_iteratorIPN7testing8internal25UntypedFunctionMockerBaseEEEOT_RNSt16remove_referenceIS7_E4typeE
FNDA:0,_ZSt7forwardIRSt17_Rb_tree_iteratorIN7testing11ExpectationEEEOT_RNSt16remove_referenceIS5_E4typeE
FNDA:0,_ZSt7forwardIRbEOT_RNSt16remove_referenceIS1_E4typeE
FNDA:0,_ZSt7forwardIRmEOT_RNSt16remove_referenceIS1_E4typeE
FNDA:0,_ZSt4moveIRPcEONSt16remove_referenceIT_E4typeEOS3_
FNDA:0,_ZSt4moveIRPN7testing8internal10linked_ptrINS1_15ExpectationBaseEEEEONSt16remove_referenceIT_E4typeEOS8_
FNDA:0,_ZSt4moveIRSt11_Tuple_implILm1EIEEEONSt16remove_referenceIT_E4typeEOS4_
FNDA:0,_ZSt4moveIRPKvEONSt16remove_referenceIT_E4typeEOS4_
FNDA:0,_ZSt4moveIRSt4pairImmEEONSt16remove_referenceIT_E4typeEOS4_
FNDA:0,_ZSt4moveIRSsEONSt16remove_referenceIT_E4typeEOS2_
FNDA:0,_ZSt4swapIPcEvRT_S2_
FNDA:0,_ZSt4swapIPN7testing8internal10linked_ptrINS1_15ExpectationBaseEEEEvRT_S7_
FNF:36
FNH:0
DA:47,0
DA:50,0
DA:76,0
DA:77,0
DA:101,0
DA:102,0
DA:166,0
DA:175,0
DA:176,0
DA:177,0
DA:178,0
LF:11
LH:0
end_of_record
SF:/usr/include/c++/4.8.2/bits/stl_algobase.h
FN:216,_ZSt3maxImERKT_S2_S2_
FN:277,_ZSt12__niter_baseIN9__gnu_cxx17__normal_iteratorIPcSt6vectorIcSaIcEEEEENSt11_Niter_baseIT_E13iterator_typeES8_
FN:277,_ZSt12__niter_baseIPmENSt11_Niter_baseIT_E13iterator_typeES2_
FN:277,_ZSt12__niter_baseIPcENSt11_Niter_baseIT_E13iterator_typeES2_
FN:700,_ZSt8__fill_aIcEN9__gnu_cxx11__enable_ifIXsrSt9__is_byteIT_E7__valueEvE6__typeEPS3_S7_RKS3_
FN:721,_ZSt4fillIN9__gnu_cxx17__normal_iteratorIPcSt6vectorIcSaIcEEEEcEvT_S7_RKT0_
FN:746,_ZSt10__fill_n_aIPmmmEN9__gnu_cxx11__enable_ifIXsrSt11__is_scalarIT1_E7__valueET_E6__typeES6_T0_RKS4_
FN:758,_ZSt10__fill_n_aImcEN9__gnu_cxx11__enable_ifIXsrSt9__is_byteIT0_E7__valueEPS3_E6__typeES5_T_RKS3_
FN:781,_ZSt6fill_nIPmmmET_S1_T0_RKT1_
FN:781,_ZSt6fill_nIPcmcET_S1_T0_RKT1_
FNDA:0,_ZSt3maxImERKT_S2_S2_
FNDA:0,_ZSt12__niter_baseIPcENSt11_Niter_baseIT_E13iterator_typeES2_
FNDA:0,_ZSt12__niter_baseIN9__gnu_cxx17__normal_iteratorIPcSt6vectorIcSaIcEEEEENSt11_Niter_baseIT_E13iterator_typeES8_
FNDA:0,_ZSt12__niter_baseIPmENSt11_Niter_baseIT_E13iterator_typeES2_
FNDA:0,_ZSt8__fill_aIcEN9__gnu_cxx11__enable_ifIXsrSt9__is_byteIT_E7__valueEvE6__typeEPS3_S7_RKS3_
FNDA:0,_ZSt4fillIN9__gnu_cxx17__normal_iteratorIPcSt6vectorIcSaIcEEEEcEvT_S7_RKT0_
FNDA:0,_ZSt10__fill_n_aIPmmmEN9__gnu_cxx11__enable_ifIXsrSt11__is_scalarIT1_E7__valueET_E6__typeES6_T0_RKS4_
FNDA:0,_ZSt10__fill_n_aImcEN9__gnu_cxx11__enable_ifIXsrSt9__is_byteIT0_E7__valueEPS3_E6__typeES5_T_RKS3_
FNDA:0,_ZSt6fill_nIPmmmET_S1_T0_RKT1_
FNDA:0,_ZSt6fill_nIPcmcET_S1_T0_RKT1_
FNF:10
FNH:0
DA:216,0
DA:221,0
DA:222,0
DA:223,0
DA:277,0
DA:278,0
DA:700,0
DA:702,0
DA:703,0
DA:704,0
DA:705,0
DA:721,0
DA:728,0
DA:729,0
DA:730,0
DA:746,0
DA:748,0
DA:749,0
DA:751,0
DA:752,0
DA:758,0
DA:760,0
DA:761,0
DA:781,0
DA:786,0
LF:25
LH:0
end_of_record
SF:/usr/include/c++/4.8.2/bits/stl_construct.h
FN:74,_ZSt10_ConstructISt4pairImmEIS1_EEvPT_DpOT0_
FN:92,_ZSt8_DestroyIN7testing8internal10linked_ptrINS1_15ExpectationBaseEEEEvPT_
FN:100,_ZNSt12_Destroy_auxILb0EE9__destroyIPN7testing8internal10linked_ptrINS3_15ExpectationBaseEEEEEvT_S8_
FN:112,_ZNSt12_Destroy_auxILb1EE9__destroyIPcEEvT_S3_
FN:112,_ZNSt12_Destroy_auxILb1EE9__destroyIPPKvEEvT_S5_
FN:112,_ZNSt12_Destroy_auxILb1EE9__destroyIPmEEvT_S3_
FN:112,_ZNSt12_Destroy_auxILb1EE9__destroyIPSt4pairImmEEEvT_S5_
FN:122,_ZSt8_DestroyIPSt4pairImmEEvT_S3_
FN:122,_ZSt8_DestroyIPN7testing8internal10linked_ptrINS1_15ExpectationBaseEEEEvT_S6_
FN:122,_ZSt8_DestroyIPcEvT_S1_
FN:122,_ZSt8_DestroyIPmEvT_S1_
FN:122,_ZSt8_DestroyIPPKvEvT_S3_
FN:148,_ZSt8_DestroyIPSt4pairImmES1_EvT_S3_RSaIT0_E
FN:148,_ZSt8_DestroyIPmmEvT_S1_RSaIT0_E
FN:148,_ZSt8_DestroyIPPKvS1_EvT_S3_RSaIT0_E
FN:148,_ZSt8_DestroyIPccEvT_S1_RSaIT0_E
FN:148,_ZSt8_DestroyIPN7testing8internal10linked_ptrINS1_15ExpectationBaseEEES4_EvT_S6_RSaIT0_E
FNDA:0,_ZSt10_ConstructISt4pairImmEIS1_EEvPT_DpOT0_
FNDA:0,_ZSt8_DestroyIN7testing8internal10linked_ptrINS1_15ExpectationBaseEEEEvPT_
FNDA:0,_ZNSt12_Destroy_auxILb0EE9__destroyIPN7testing8internal10linked_ptrINS3_15ExpectationBaseEEEEEvT_S8_
FNDA:0,_ZNSt12_Destroy_auxILb1EE9__destroyIPPKvEEvT_S5_
FNDA:0,_ZNSt12_Destroy_auxILb1EE9__destroyIPSt4pairImmEEEvT_S5_
FNDA:0,_ZNSt12_Destroy_auxILb1EE9__destroyIPmEEvT_S3_
FNDA:0,_ZNSt12_Destroy_auxILb1EE9__destroyIPcEEvT_S3_
FNDA:0,_ZSt8_DestroyIPN7testing8internal10linked_ptrINS1_15ExpectationBaseEEEEvT_S6_
FNDA:0,_ZSt8_DestroyIPPKvEvT_S3_
FNDA:0,_ZSt8_DestroyIPSt4pairImmEEvT_S3_
FNDA:0,_ZSt8_DestroyIPmEvT_S1_
FNDA:0,_ZSt8_DestroyIPcEvT_S1_
FNDA:0,_ZSt8_DestroyIPN7testing8internal10linked_ptrINS1_15ExpectationBaseEEES4_EvT_S6_RSaIT0_E
FNDA:0,_ZSt8_DestroyIPPKvS1_EvT_S3_RSaIT0_E
FNDA:0,_ZSt8_DestroyIPSt4pairImmES1_EvT_S3_RSaIT0_E
FNDA:0,_ZSt8_DestroyIPmmEvT_S1_RSaIT0_E
FNDA:0,_ZSt8_DestroyIPccEvT_S1_RSaIT0_E
FNF:17
FNH:0
DA:74,0
DA:75,0
DA:92,0
DA:93,0
DA:100,0
DA:102,0
DA:103,0
DA:104,0
DA:112,0
DA:122,0
DA:126,0
DA:128,0
DA:148,0
DA:151,0
DA:152,0
LF:15
LH:0
end_of_record
SF:/usr/include/c++/4.8.2/bits/stl_function.h
FN:234,_ZNKSt4lessIPKvEclERKS1_S4_
FN:234,_ZNKSt4lessIPN7testing8internal25UntypedFunctionMockerBaseEEclERKS3_S6_
FN:481,_ZNKSt9_IdentityIPN7testing8internal25UntypedFunctionMockerBaseEEclERKS3_
FN:481,_ZNKSt9_IdentityIN7testing11ExpectationEEclERKS1_
FN:494,_ZNKSt10_Select1stISt4pairIKPKvN7testing12_GLOBAL__N_115MockObjectStateEEEclERKS7_
FN:494,_ZNKSt10_Select1stISt4pairIKPKvN7testing8internal12CallReactionEEEclERKS7_
FNDA:0,_ZNKSt4lessIPN7testing8internal25UntypedFunctionMockerBaseEEclERKS3_S6_
FNDA:0,_ZNKSt4lessIPKvEclERKS1_S4_
FNDA:0,_ZNKSt9_IdentityIPN7testing8internal25UntypedFunctionMockerBaseEEclERKS3_
FNDA:0,_ZNKSt9_IdentityIN7testing11ExpectationEEclERKS1_
FNDA:0,_ZNKSt10_Select1stISt4pairIKPKvN7testing12_GLOBAL__N_115MockObjectStateEEEclERKS7_
FNDA:0,_ZNKSt10_Select1stISt4pairIKPKvN7testing8internal12CallReactionEEEclERKS7_
FNF:6
FNH:0
DA:234,0
DA:235,0
DA:481,0
DA:482,0
DA:494,0
DA:495,0
LF:6
LH:0
end_of_record
SF:/usr/include/c++/4.8.2/bits/stl_iterator.h
FN:126,_ZNSt16reverse_iteratorIN9__gnu_cxx17__normal_iteratorIPKcSsEEEC2ES4_
FN:160,_ZNKSt16reverse_iteratorIN9__gnu_cxx17__normal_iteratorIPKcSsEEEdeEv
FN:726,_ZN9__gnu_cxx17__normal_iteratorIPKPKN7testing25MatcherDescriberInterfaceESt6vectorIS4_SaIS4_EEEC2ERKS6_
FN:726,_ZN9__gnu_cxx17__normal_iteratorIPcSt6vectorIcSaIcEEEC2ERKS1_
FN:726,_ZN9__gnu_cxx17__normal_iteratorIPKSt4pairImmESt6vectorIS2_SaIS2_EEEC2ERKS4_
FN:726,_ZN9__gnu_cxx17__normal_iteratorIPN7testing8internal10linked_ptrINS2_15ExpectationBaseEEESt6vectorIS5_SaIS5_EEEC2ERKS6_
FN:726,_ZN9__gnu_cxx17__normal_iteratorIPKcSsEC2ERKS2_
FN:730,_ZN9__gnu_cxx17__normal_iteratorIPKN7testing8internal10linked_ptrINS2_15ExpectationBaseEEESt6vectorIS5_SaIS5_EEEC2IPS5_EERKNS0_IT_NS_11__enable_ifIXsrSt10__are_sameISE_SD_E7__valueESA_E6__typeEEE
FN:738,_ZNK9__gnu_cxx17__normal_iteratorIPKN7testing8internal10linked_ptrINS2_15ExpectationBaseEEESt6vectorIS5_SaIS5_EEEdeEv
FN:738,_ZNK9__gnu_cxx17__normal_iteratorIPKcSsEdeEv
FN:742,_ZNK9__gnu_cxx17__normal_iteratorIPKSt4pairImmESt6vectorIS2_SaIS2_EEEptEv
FN:742,_ZNK9__gnu_cxx17__normal_iteratorIPKN7testing8internal10linked_ptrINS2_15ExpectationBaseEEESt6vectorIS5_SaIS5_EEEptEv
FN:746,_ZN9__gnu_cxx17__normal_iteratorIPKSt4pairImmESt6vectorIS2_SaIS2_EEEppEv
FN:746,_ZN9__gnu_cxx17__normal_iteratorIPKN7testing8internal10linked_ptrINS2_15ExpectationBaseEEESt6vectorIS5_SaIS5_EEEppEv
FN:758,_ZN9__gnu_cxx17__normal_iteratorIPKcSsEmmEv
FN:790,_ZNK9__gnu_cxx17__normal_iteratorIPKN7testing8internal10linked_ptrINS2_15ExpectationBaseEEESt6vectorIS5_SaIS5_EEE4baseEv
FN:790,_ZNK9__gnu_cxx17__normal_iteratorIPcSt6vectorIcSaIcEEE4baseEv
FN:790,_ZNK9__gnu_cxx17__normal_iteratorIPKSt4pairImmESt6vectorIS2_SaIS2_EEE4baseEv
FN:790,_ZNK9__gnu_cxx17__normal_iteratorIPN7testing8internal10linked_ptrINS2_15ExpectationBaseEEESt6vectorIS5_SaIS5_EEE4baseEv
FN:790,_ZNK9__gnu_cxx17__normal_iteratorIPKPKN7testing25MatcherDescriberInterfaceESt6vectorIS4_SaIS4_EEE4baseEv
FN:811,_ZN9__gnu_cxxeqIPKPKN7testing25MatcherDescriberInterfaceESt6vectorIS4_SaIS4_EEEEbRKNS_17__normal_iteratorIT_T0_EESF_
FN:817,_ZN9__gnu_cxxneIPKN7testing8internal10linked_ptrINS2_15ExpectationBaseEEEPS5_St6vectorIS5_SaIS5_EEEEbRKNS_17__normal_iteratorIT_T1_EERKNSC_IT0_SE_EE
FN:823,_ZN9__gnu_cxxneIPKSt4pairImmESt6vectorIS2_SaIS2_EEEEbRKNS_17__normal_iteratorIT_T0_EESD_
FN:950,_ZNSt13move_iteratorIPSt4pairImmEEC2ES2_
FN:958,_ZNKSt13move_iteratorIPSt4pairImmEE4baseEv
FN:962,_ZNKSt13move_iteratorIPSt4pairImmEEdeEv
FN:970,_ZNSt13move_iteratorIPSt4pairImmEEppEv
FN:1037,_ZSteqIPSt4pairImmEEbRKSt13move_iteratorIT_ES7_
FN:1049,_ZStneIPSt4pairImmEEbRKSt13move_iteratorIT_ES7_
FN:1132,_ZSt32__make_move_if_noexcept_iteratorIPSt4pairImmESt13move_iteratorIS2_EET0_T_
FNDA:0,_ZNSt16reverse_iteratorIN9__gnu_cxx17__normal_iteratorIPKcSsEEEC2ES4_
FNDA:0,_ZNKSt16reverse_iteratorIN9__gnu_cxx17__normal_iteratorIPKcSsEEEdeEv
FNDA:0,_ZN9__gnu_cxx17__normal_iteratorIPcSt6vectorIcSaIcEEEC2ERKS1_
FNDA:0,_ZN9__gnu_cxx17__normal_iteratorIPKPKN7testing25MatcherDescriberInterfaceESt6vectorIS4_SaIS4_EEEC2ERKS6_
FNDA:0,_ZN9__gnu_cxx17__normal_iteratorIPKcSsEC2ERKS2_
FNDA:0,_ZN9__gnu_cxx17__normal_iteratorIPN7testing8internal10linked_ptrINS2_15ExpectationBaseEEESt6vectorIS5_SaIS5_EEEC2ERKS6_
FNDA:0,_ZN9__gnu_cxx17__normal_iteratorIPKSt4pairImmESt6vectorIS2_SaIS2_EEEC2ERKS4_
FNDA:0,_ZN9__gnu_cxx17__normal_iteratorIPKN7testing8internal10linked_ptrINS2_15ExpectationBaseEEESt6vectorIS5_SaIS5_EEEC2IPS5_EERKNS0_IT_NS_11__enable_ifIXsrSt10__are_sameISE_SD_E7__valueESA_E6__typeEEE
FNDA:0,_ZNK9__gnu_cxx17__normal_iteratorIPKcSsEdeEv
FNDA:0,_ZNK9__gnu_cxx17__normal_iteratorIPKN7testing8internal10linked_ptrINS2_15ExpectationBaseEEESt6vectorIS5_SaIS5_EEEdeEv
FNDA:0,_ZNK9__gnu_cxx17__normal_iteratorIPKN7testing8internal10linked_ptrINS2_15ExpectationBaseEEESt6vectorIS5_SaIS5_EEEptEv
FNDA:0,_ZNK9__gnu_cxx17__normal_iteratorIPKSt4pairImmESt6vectorIS2_SaIS2_EEEptEv
FNDA:0,_ZN9__gnu_cxx17__normal_iteratorIPKN7testing8internal10linked_ptrINS2_15ExpectationBaseEEESt6vectorIS5_SaIS5_EEEppEv
FNDA:0,_ZN9__gnu_cxx17__normal_iteratorIPKSt4pairImmESt6vectorIS2_SaIS2_EEEppEv
FNDA:0,_ZN9__gnu_cxx17__normal_iteratorIPKcSsEmmEv
FNDA:0,_ZNK9__gnu_cxx17__normal_iteratorIPcSt6vectorIcSaIcEEE4baseEv
FNDA:0,_ZNK9__gnu_cxx17__normal_iteratorIPKPKN7testing25MatcherDescriberInterfaceESt6vectorIS4_SaIS4_EEE4baseEv
FNDA:0,_ZNK9__gnu_cxx17__normal_iteratorIPKN7testing8internal10linked_ptrINS2_15ExpectationBaseEEESt6vectorIS5_SaIS5_EEE4baseEv
FNDA:0,_ZNK9__gnu_cxx17__normal_iteratorIPN7testing8internal10linked_ptrINS2_15ExpectationBaseEEESt6vectorIS5_SaIS5_EEE4baseEv
FNDA:0,_ZNK9__gnu_cxx17__normal_iteratorIPKSt4pairImmESt6vectorIS2_SaIS2_EEE4baseEv
FNDA:0,_ZN9__gnu_cxxeqIPKPKN7testing25MatcherDescriberInterfaceESt6vectorIS4_SaIS4_EEEEbRKNS_17__normal_iteratorIT_T0_EESF_
FNDA:0,_ZN9__gnu_cxxneIPKN7testing8internal10linked_ptrINS2_15ExpectationBaseEEEPS5_St6vectorIS5_SaIS5_EEEEbRKNS_17__normal_iteratorIT_T1_EERKNSC_IT0_SE_EE
FNDA:0,_ZN9__gnu_cxxneIPKSt4pairImmESt6vectorIS2_SaIS2_EEEEbRKNS_17__normal_iteratorIT_T0_EESD_
FNDA:0,_ZNSt13move_iteratorIPSt4pairImmEEC2ES2_
FNDA:0,_ZNKSt13move_iteratorIPSt4pairImmEE4baseEv
FNDA:0,_ZNKSt13move_iteratorIPSt4pairImmEEdeEv
FNDA:0,_ZNSt13move_iteratorIPSt4pairImmEEppEv
FNDA:0,_ZSteqIPSt4pairImmEEbRKSt13move_iteratorIT_ES7_
FNDA:0,_ZStneIPSt4pairImmEEbRKSt13move_iteratorIT_ES7_
FNDA:0,_ZSt32__make_move_if_noexcept_iteratorIPSt4pairImmESt13move_iteratorIS2_EET0_T_
FNF:30
FNH:0
DA:126,0
DA:160,0
DA:162,0
DA:163,0
DA:726,0
DA:730,0
DA:734,0
DA:738,0
DA:739,0
DA:742,0
DA:743,0
DA:746,0
DA:748,0
DA:749,0
DA:758,0
DA:760,0
DA:761,0
DA:790,0
DA:791,0
DA:811,0
DA:813,0
DA:817,0
DA:819,0
DA:823,0
DA:825,0
DA:950,0
DA:951,0
DA:958,0
DA:959,0
DA:962,0
DA:963,0
DA:970,0
DA:972,0
DA:973,0
DA:1037,0
DA:1039,0
DA:1049,0
DA:1051,0
DA:1132,0
DA:1133,0
LF:40
LH:0
end_of_record
SF:/usr/include/c++/4.8.2/bits/stl_iterator_base_funcs.h
FN:90,_ZSt10__distanceIPcENSt15iterator_traitsIT_E15difference_typeES2_S2_St26random_access_iterator_tag
FN:114,_ZSt8distanceIPcENSt15iterator_traitsIT_E15difference_typeES2_S2_
FNDA:0,_ZSt10__distanceIPcENSt15iterator_traitsIT_E15difference_typeES2_S2_St26random_access_iterator_tag
FNDA:0,_ZSt8distanceIPcENSt15iterator_traitsIT_E15difference_typeES2_S2_
FNF:2
FNH:0
DA:90,0
DA:96,0
DA:114,0
DA:118,0
LF:4
LH:0
end_of_record
SF:/usr/include/c++/4.8.2/bits/stl_iterator_base_types.h
FN:118,_ZNSt8iteratorISt26random_access_iterator_tagclPKcRS1_EC2Ev
FN:201,_ZSt19__iterator_categoryIPcENSt15iterator_traitsIT_E17iterator_categoryERKS2_
FN:212,_ZNSt10_Iter_baseIPcLb0EE7_S_baseES0_
FN:212,_ZNSt10_Iter_baseIPmLb0EE7_S_baseES0_
FN:220,_ZNSt10_Iter_baseIN9__gnu_cxx17__normal_iteratorIPcSt6vectorIcSaIcEEEELb1EE7_S_baseES6_
FNDA:0,_ZNSt8iteratorISt26random_access_iterator_tagclPKcRS1_EC2Ev
FNDA:0,_ZSt19__iterator_categoryIPcENSt15iterator_traitsIT_E17iterator_categoryERKS2_
FNDA:0,_ZNSt10_Iter_baseIPcLb0EE7_S_baseES0_
FNDA:0,_ZNSt10_Iter_baseIPmLb0EE7_S_baseES0_
FNDA:0,_ZNSt10_Iter_baseIN9__gnu_cxx17__normal_iteratorIPcSt6vectorIcSaIcEEEELb1EE7_S_baseES6_
FNF:5
FNH:0
DA:118,0
DA:201,0
DA:202,0
DA:212,0
DA:213,0
DA:220,0
DA:221,0
LF:7
LH:0
end_of_record
SF:/usr/include/c++/4.8.2/bits/stl_map.h
FN:96,_ZNSt3mapIPKvN7testing8internal12CallReactionESt4lessIS1_ESaISt4pairIKS1_S4_EEED2Ev
FN:96,_ZNSt3mapIPKvN7testing12_GLOBAL__N_115MockObjectStateESt4lessIS1_ESaISt4pairIKS1_S4_EEED2Ev
FN:160,_ZNSt3mapIPKvN7testing12_GLOBAL__N_115MockObjectStateESt4lessIS1_ESaISt4pairIKS1_S4_EEEC2Ev
FN:160,_ZNSt3mapIPKvN7testing8internal12CallReactionESt4lessIS1_ESaISt4pairIKS1_S4_EEEC2Ev
FN:320,_ZNSt3mapIPKvN7testing12_GLOBAL__N_115MockObjectStateESt4lessIS1_ESaISt4pairIKS1_S4_EEE5beginEv
FN:338,_ZNSt3mapIPKvN7testing8internal12CallReactionESt4lessIS1_ESaISt4pairIKS1_S4_EEE3endEv
FN:338,_ZNSt3mapIPKvN7testing12_GLOBAL__N_115MockObjectStateESt4lessIS1_ESaISt4pairIKS1_S4_EEE3endEv
FN:456,_ZNSt3mapIPKvN7testing12_GLOBAL__N_115MockObjectStateESt4lessIS1_ESaISt4pairIKS1_S4_EEEixERS8_
FN:456,_ZNSt3mapIPKvN7testing8internal12CallReactionESt4lessIS1_ESaISt4pairIKS1_S4_EEEixERS8_
FN:476,_ZNSt3mapIPKvN7testing12_GLOBAL__N_115MockObjectStateESt4lessIS1_ESaISt4pairIKS1_S4_EEEixEOS1_
FN:696,_ZNSt3mapIPKvN7testing12_GLOBAL__N_115MockObjectStateESt4lessIS1_ESaISt4pairIKS1_S4_EEE5eraseB5cxx11ESt17_Rb_tree_iteratorIS9_E
FN:726,_ZNSt3mapIPKvN7testing8internal12CallReactionESt4lessIS1_ESaISt4pairIKS1_S4_EEE5eraseERS8_
FN:797,_ZNKSt3mapIPKvN7testing8internal12CallReactionESt4lessIS1_ESaISt4pairIKS1_S4_EEE8key_compEv
FN:797,_ZNKSt3mapIPKvN7testing12_GLOBAL__N_115MockObjectStateESt4lessIS1_ESaISt4pairIKS1_S4_EEE8key_compEv
FN:848,_ZNKSt3mapIPKvN7testing8internal12CallReactionESt4lessIS1_ESaISt4pairIKS1_S4_EEE5countERS8_
FN:848,_ZNKSt3mapIPKvN7testing12_GLOBAL__N_115MockObjectStateESt4lessIS1_ESaISt4pairIKS1_S4_EEE5countERS8_
FN:863,_ZNSt3mapIPKvN7testing12_GLOBAL__N_115MockObjectStateESt4lessIS1_ESaISt4pairIKS1_S4_EEE11lower_boundERS8_
FN:863,_ZNSt3mapIPKvN7testing8internal12CallReactionESt4lessIS1_ESaISt4pairIKS1_S4_EEE11lower_boundERS8_
FNDA:1,_ZNSt3mapIPKvN7testing8internal12CallReactionESt4lessIS1_ESaISt4pairIKS1_S4_EEED2Ev
FNDA:1,_ZNSt3mapIPKvN7testing12_GLOBAL__N_115MockObjectStateESt4lessIS1_ESaISt4pairIKS1_S4_EEED2Ev
FNDA:1,_ZNSt3mapIPKvN7testing8internal12CallReactionESt4lessIS1_ESaISt4pairIKS1_S4_EEEC2Ev
FNDA:1,_ZNSt3mapIPKvN7testing12_GLOBAL__N_115MockObjectStateESt4lessIS1_ESaISt4pairIKS1_S4_EEEC2Ev
FNDA:1,_ZNSt3mapIPKvN7testing12_GLOBAL__N_115MockObjectStateESt4lessIS1_ESaISt4pairIKS1_S4_EEE5beginEv
FNDA:0,_ZNSt3mapIPKvN7testing8internal12CallReactionESt4lessIS1_ESaISt4pairIKS1_S4_EEE3endEv
FNDA:1,_ZNSt3mapIPKvN7testing12_GLOBAL__N_115MockObjectStateESt4lessIS1_ESaISt4pairIKS1_S4_EEE3endEv
FNDA:0,_ZNSt3mapIPKvN7testing12_GLOBAL__N_115MockObjectStateESt4lessIS1_ESaISt4pairIKS1_S4_EEEixERS8_
FNDA:0,_ZNSt3mapIPKvN7testing8internal12CallReactionESt4lessIS1_ESaISt4pairIKS1_S4_EEEixERS8_
FNDA:0,_ZNSt3mapIPKvN7testing12_GLOBAL__N_115MockObjectStateESt4lessIS1_ESaISt4pairIKS1_S4_EEEixEOS1_
FNDA:0,_ZNSt3mapIPKvN7testing12_GLOBAL__N_115MockObjectStateESt4lessIS1_ESaISt4pairIKS1_S4_EEE5eraseB5cxx11ESt17_Rb_tree_iteratorIS9_E
FNDA:0,_ZNSt3mapIPKvN7testing8internal12CallReactionESt4lessIS1_ESaISt4pairIKS1_S4_EEE5eraseERS8_
FNDA:0,_ZNKSt3mapIPKvN7testing12_GLOBAL__N_115MockObjectStateESt4lessIS1_ESaISt4pairIKS1_S4_EEE8key_compEv
FNDA:0,_ZNKSt3mapIPKvN7testing8internal12CallReactionESt4lessIS1_ESaISt4pairIKS1_S4_EEE8key_compEv
FNDA:0,_ZNKSt3mapIPKvN7testing12_GLOBAL__N_115MockObjectStateESt4lessIS1_ESaISt4pairIKS1_S4_EEE5countERS8_
FNDA:0,_ZNKSt3mapIPKvN7testing8internal12CallReactionESt4lessIS1_ESaISt4pairIKS1_S4_EEE5countERS8_
FNDA:0,_ZNSt3mapIPKvN7testing12_GLOBAL__N_115MockObjectStateESt4lessIS1_ESaISt4pairIKS1_S4_EEE11lower_boundERS8_
FNDA:0,_ZNSt3mapIPKvN7testing8internal12CallReactionESt4lessIS1_ESaISt4pairIKS1_S4_EEE11lower_boundERS8_
FNF:18
FNH:6
DA:96,2
DA:160,2
DA:161,2
DA:320,1
DA:321,1
DA:338,1
DA:339,1
DA:456,0
DA:461,0
DA:463,0
DA:465,0
DA:471,0
DA:476,0
DA:481,0
DA:483,0
DA:484,0
DA:485,0
DA:487,0
DA:696,0
DA:697,0
DA:726,0
DA:727,0
DA:797,0
DA:798,0
DA:848,0
DA:849,0
DA:863,0
DA:864,0
LF:28
LH:7
end_of_record
SF:/usr/include/c++/4.8.2/bits/stl_pair.h
FN:96,_ZNSt4pairIKPKvN7testing12_GLOBAL__N_115MockObjectStateEED2Ev
FN:133,_ZNSt4pairIPSt18_Rb_tree_node_baseS1_EC2IRS1_vEEOT_RKS1_
FN:138,_ZNSt4pairIPSt18_Rb_tree_node_baseS1_EC2IRS1_vEERKS1_OT_
FN:144,_ZNSt4pairISt23_Rb_tree_const_iteratorIPN7testing8internal25UntypedFunctionMockerBaseEEbEC2IRSt17_Rb_tree_iteratorIS4_ERbvEEOT_OT0_
FN:144,_ZNSt4pairISt17_Rb_tree_iteratorIN7testing11ExpectationEEbEC2IS3_bvEEOT_OT0_
FN:144,_ZNSt4pairISt23_Rb_tree_const_iteratorIN7testing11ExpectationEEbEC2IRSt17_Rb_tree_iteratorIS2_ERbvEEOT_OT0_
FN:144,_ZNSt4pairIPSt18_Rb_tree_node_baseS1_EC2IRS1_S4_vEEOT_OT0_
FN:144,_ZNSt4pairImmEC1IRmS2_vEEOT_OT0_
FN:144,_ZNSt4pairIPSt18_Rb_tree_node_baseS1_EC2IRPSt13_Rb_tree_nodeIPN7testing8internal25UntypedFunctionMockerBaseEESB_vEEOT_OT0_
FN:144,_ZNSt4pairIPSt18_Rb_tree_node_baseS1_EC2IRPSt13_Rb_tree_nodeIS_IKPKvN7testing12_GLOBAL__N_115MockObjectStateEEESE_vEEOT_OT0_
FN:144,_ZNSt4pairIPSt18_Rb_tree_node_baseS1_EC2IRPSt13_Rb_tree_nodeIN7testing11ExpectationEES9_vEEOT_OT0_
FN:144,_ZNSt4pairISt17_Rb_tree_iteratorIPN7testing8internal25UntypedFunctionMockerBaseEES5_EC2IS5_S5_vEEOT_OT0_
FN:144,_ZNSt4pairISt17_Rb_tree_iteratorIS_IKPKvN7testing8internal12CallReactionEEES8_EC2IS8_S8_vEEOT_OT0_
FN:144,_ZNSt4pairIPSt18_Rb_tree_node_baseS1_EC2IRPSt13_Rb_tree_nodeIS_IKPKvN7testing8internal12CallReactionEEESE_vEEOT_OT0_
FN:144,_ZNSt4pairISt17_Rb_tree_iteratorIPN7testing8internal25UntypedFunctionMockerBaseEEbEC2IS5_bvEEOT_OT0_
FNDA:0,_ZNSt4pairIKPKvN7testing12_GLOBAL__N_115MockObjectStateEED2Ev
FNDA:0,_ZNSt4pairIPSt18_Rb_tree_node_baseS1_EC2IRS1_vEEOT_RKS1_
FNDA:0,_ZNSt4pairIPSt18_Rb_tree_node_baseS1_EC2IRS1_vEERKS1_OT_
FNDA:0,_ZNSt4pairIPSt18_Rb_tree_node_baseS1_EC2IRPSt13_Rb_tree_nodeIS_IKPKvN7testing12_GLOBAL__N_115MockObjectStateEEESE_vEEOT_OT0_
FNDA:0,_ZNSt4pairIPSt18_Rb_tree_node_baseS1_EC2IRPSt13_Rb_tree_nodeIS_IKPKvN7testing8internal12CallReactionEEESE_vEEOT_OT0_
FNDA:0,_ZNSt4pairISt17_Rb_tree_iteratorIPN7testing8internal25UntypedFunctionMockerBaseEES5_EC2IS5_S5_vEEOT_OT0_
FNDA:0,_ZNSt4pairIPSt18_Rb_tree_node_baseS1_EC2IRPSt13_Rb_tree_nodeIPN7testing8internal25UntypedFunctionMockerBaseEESB_vEEOT_OT0_
FNDA:0,_ZNSt4pairISt17_Rb_tree_iteratorIS_IKPKvN7testing8internal12CallReactionEEES8_EC2IS8_S8_vEEOT_OT0_
FNDA:0,_ZNSt4pairIPSt18_Rb_tree_node_baseS1_EC2IRS1_S4_vEEOT_OT0_
FNDA:0,_ZNSt4pairIPSt18_Rb_tree_node_baseS1_EC2IRPSt13_Rb_tree_nodeIN7testing11ExpectationEES9_vEEOT_OT0_
FNDA:0,_ZNSt4pairISt17_Rb_tree_iteratorIPN7testing8internal25UntypedFunctionMockerBaseEEbEC2IS5_bvEEOT_OT0_
FNDA:0,_ZNSt4pairISt17_Rb_tree_iteratorIN7testing11ExpectationEEbEC2IS3_bvEEOT_OT0_
FNDA:0,_ZNSt4pairISt23_Rb_tree_const_iteratorIPN7testing8internal25UntypedFunctionMockerBaseEEbEC2IRSt17_Rb_tree_iteratorIS4_ERbvEEOT_OT0_
FNDA:0,_ZNSt4pairISt23_Rb_tree_const_iteratorIN7testing11ExpectationEEbEC2IRSt17_Rb_tree_iteratorIS2_ERbvEEOT_OT0_
FNDA:0,_ZNSt4pairImmEC1IRmS2_vEEOT_OT0_
FNF:15
FNH:0
DA:96,0
DA:133,0
DA:134,0
DA:138,0
DA:139,0
DA:144,0
DA:145,0
LF:7
LH:0
end_of_record
SF:/usr/include/c++/4.8.2/bits/stl_set.h
FN:90,_ZNSt3setIPN7testing8internal25UntypedFunctionMockerBaseESt4lessIS3_ESaIS3_EED2Ev
FN:90,_ZNSt3setIN7testing11ExpectationENS1_4LessESaIS1_EED2Ev
FN:139,_ZNSt3setIN7testing11ExpectationENS1_4LessESaIS1_EEC2Ev
FN:139,_ZNSt3setIPN7testing8internal25UntypedFunctionMockerBaseESt4lessIS3_ESaIS3_EEC2Ev
FN:298,_ZNKSt3setIN7testing11ExpectationENS1_4LessESaIS1_EE5beginEv
FN:298,_ZNKSt3setIPN7testing8internal25UntypedFunctionMockerBaseESt4lessIS3_ESaIS3_EE5beginEv
FN:307,_ZNKSt3setIPN7testing8internal25UntypedFunctionMockerBaseESt4lessIS3_ESaIS3_EE3endEv
FN:307,_ZNKSt3setIN7testing11ExpectationENS1_4LessESaIS1_EE3endEv
FN:368,_ZNKSt3setIPN7testing8internal25UntypedFunctionMockerBaseESt4lessIS3_ESaIS3_EE5emptyEv
FN:460,_ZNSt3setIPN7testing8internal25UntypedFunctionMockerBaseESt4lessIS3_ESaIS3_EE6insertERKS3_
FN:460,_ZNSt3setIN7testing11ExpectationENS1_4LessESaIS1_EE6insertERKS1_
FN:581,_ZNSt3setIPN7testing8internal25UntypedFunctionMockerBaseESt4lessIS3_ESaIS3_EE5eraseERKS3_
FNDA:0,_ZNSt3setIPN7testing8internal25UntypedFunctionMockerBaseESt4lessIS3_ESaIS3_EED2Ev
FNDA:0,_ZNSt3setIN7testing11ExpectationENS1_4LessESaIS1_EED2Ev
FNDA:0,_ZNSt3setIPN7testing8internal25UntypedFunctionMockerBaseESt4lessIS3_ESaIS3_EEC2Ev
FNDA:0,_ZNSt3setIN7testing11ExpectationENS1_4LessESaIS1_EEC2Ev
FNDA:0,_ZNKSt3setIPN7testing8internal25UntypedFunctionMockerBaseESt4lessIS3_ESaIS3_EE5beginEv
FNDA:0,_ZNKSt3setIN7testing11ExpectationENS1_4LessESaIS1_EE5beginEv
FNDA:0,_ZNKSt3setIPN7testing8internal25UntypedFunctionMockerBaseESt4lessIS3_ESaIS3_EE3endEv
FNDA:0,_ZNKSt3setIN7testing11ExpectationENS1_4LessESaIS1_EE3endEv
FNDA:0,_ZNKSt3setIPN7testing8internal25UntypedFunctionMockerBaseESt4lessIS3_ESaIS3_EE5emptyEv
FNDA:0,_ZNSt3setIPN7testing8internal25UntypedFunctionMockerBaseESt4lessIS3_ESaIS3_EE6insertERKS3_
FNDA:0,_ZNSt3setIN7testing11ExpectationENS1_4LessESaIS1_EE6insertERKS1_
FNDA:0,_ZNSt3setIPN7testing8internal25UntypedFunctionMockerBaseESt4lessIS3_ESaIS3_EE5eraseERKS3_
FNF:12
FNH:0
DA:90,0
DA:139,0
DA:140,0
DA:298,0
DA:299,0
DA:307,0
DA:308,0
DA:368,0
DA:369,0
DA:460,0
DA:463,0
DA:464,0
DA:581,0
DA:582,0
LF:14
LH:0
end_of_record
SF:/usr/include/c++/4.8.2/bits/stl_tree.h
FN:131,_ZNSt13_Rb_tree_nodeISt4pairIKPKvN7testing12_GLOBAL__N_115MockObjectStateEEED2Ev
FN:131,_ZNSt13_Rb_tree_nodeIN7testing11ExpectationEED2Ev
FN:138,_ZNSt13_Rb_tree_nodeIPN7testing8internal25UntypedFunctionMockerBaseEEC2IIRKS3_EEEDpOT_
FN:138,_ZNSt13_Rb_tree_nodeIN7testing11ExpectationEEC2IIRKS1_EEEDpOT_
FN:138,_ZNSt13_Rb_tree_nodeISt4pairIKPKvN7testing12_GLOBAL__N_115MockObjectStateEEEC2IIRKSt21piecewise_construct_tSt5tupleIIRS3_EESD_IIEEEEEDpOT_
FN:138,_ZNSt13_Rb_tree_nodeISt4pairIKPKvN7testing12_GLOBAL__N_115MockObjectStateEEEC2IIRKSt21piecewise_construct_tSt5tupleIIOS2_EESD_IIEEEEEDpOT_
FN:138,_ZNSt13_Rb_tree_nodeISt4pairIKPKvN7testing8internal12CallReactionEEEC2IIRKSt21piecewise_construct_tSt5tupleIIRS3_EESD_IIEEEEEDpOT_
FN:174,_ZNSt17_Rb_tree_iteratorISt4pairIKPKvN7testing12_GLOBAL__N_115MockObjectStateEEEC2EPSt13_Rb_tree_nodeIS7_E
FN:174,_ZNSt17_Rb_tree_iteratorISt4pairIKPKvN7testing8internal12CallReactionEEEC2EPSt13_Rb_tree_nodeIS7_E
FN:174,_ZNSt17_Rb_tree_iteratorIPN7testing8internal25UntypedFunctionMockerBaseEEC2EPSt13_Rb_tree_nodeIS3_E
FN:174,_ZNSt17_Rb_tree_iteratorIN7testing11ExpectationEEC2EPSt13_Rb_tree_nodeIS1_E
FN:178,_ZNKSt17_Rb_tree_iteratorISt4pairIKPKvN7testing12_GLOBAL__N_115MockObjectStateEEEdeEv
FN:178,_ZNKSt17_Rb_tree_iteratorISt4pairIKPKvN7testing8internal12CallReactionEEEdeEv
FN:182,_ZNKSt17_Rb_tree_iteratorISt4pairIKPKvN7testing12_GLOBAL__N_115MockObjectStateEEEptEv
FN:187,_ZNSt17_Rb_tree_iteratorISt4pairIKPKvN7testing12_GLOBAL__N_115MockObjectStateEEEppEv
FN:187,_ZNSt17_Rb_tree_iteratorISt4pairIKPKvN7testing8internal12CallReactionEEEppEv
FN:202,_ZNSt17_Rb_tree_iteratorISt4pairIKPKvN7testing8internal12CallReactionEEEmmEv
FN:202,_ZNSt17_Rb_tree_iteratorIPN7testing8internal25UntypedFunctionMockerBaseEEmmEv
FN:202,_ZNSt17_Rb_tree_iteratorISt4pairIKPKvN7testing12_GLOBAL__N_115MockObjectStateEEEmmEv
FN:202,_ZNSt17_Rb_tree_iteratorIN7testing11ExpectationEEmmEv
FN:217,_ZNKSt17_Rb_tree_iteratorISt4pairIKPKvN7testing8internal12CallReactionEEEeqERKS8_
FN:217,_ZNKSt17_Rb_tree_iteratorIPN7testing8internal25UntypedFunctionMockerBaseEEeqERKS4_
FN:217,_ZNKSt17_Rb_tree_iteratorISt4pairIKPKvN7testing12_GLOBAL__N_115MockObjectStateEEEeqERKS8_
FN:217,_ZNKSt17_Rb_tree_iteratorIN7testing11ExpectationEEeqERKS2_
FN:221,_ZNKSt17_Rb_tree_iteratorISt4pairIKPKvN7testing12_GLOBAL__N_115MockObjectStateEEEneERKS8_
FN:247,_ZNSt23_Rb_tree_const_iteratorISt4pairIKPKvN7testing8internal12CallReactionEEEC2EPKSt13_Rb_tree_nodeIS7_E
FN:247,_ZNSt23_Rb_tree_const_iteratorIPN7testing8internal25UntypedFunctionMockerBaseEEC2EPKSt13_Rb_tree_nodeIS3_E
FN:247,_ZNSt23_Rb_tree_const_iteratorISt4pairIKPKvN7testing12_GLOBAL__N_115MockObjectStateEEEC2EPKSt13_Rb_tree_nodeIS7_E
FN:247,_ZNSt23_Rb_tree_const_iteratorIN7testing11ExpectationEEC2EPKSt13_Rb_tree_nodeIS1_E
FN:250,_ZNSt23_Rb_tree_const_iteratorIPN7testing8internal25UntypedFunctionMockerBaseEEC2ERKSt17_Rb_tree_iteratorIS3_E
FN:250,_ZNSt23_Rb_tree_const_iteratorISt4pairIKPKvN7testing12_GLOBAL__N_115MockObjectStateEEEC2ERKSt17_Rb_tree_iteratorIS7_E
FN:250,_ZNSt23_Rb_tree_const_iteratorISt4pairIKPKvN7testing8internal12CallReactionEEEC2ERKSt17_Rb_tree_iteratorIS7_E
FN:250,_ZNSt23_Rb_tree_const_iteratorIN7testing11ExpectationEEC2ERKSt17_Rb_tree_iteratorIS1_E
FN:254,_ZNKSt23_Rb_tree_const_iteratorIPN7testing8internal25UntypedFunctionMockerBaseEE13_M_const_castEv
FN:254,_ZNKSt23_Rb_tree_const_iteratorISt4pairIKPKvN7testing12_GLOBAL__N_115MockObjectStateEEE13_M_const_castEv
FN:254,_ZNKSt23_Rb_tree_const_iteratorISt4pairIKPKvN7testing8internal12CallReactionEEE13_M_const_castEv
FN:259,_ZNKSt23_Rb_tree_const_iteratorIPN7testing8internal25UntypedFunctionMockerBaseEEdeEv
FN:259,_ZNKSt23_Rb_tree_const_iteratorIN7testing11ExpectationEEdeEv
FN:263,_ZNKSt23_Rb_tree_const_iteratorISt4pairIKPKvN7testing12_GLOBAL__N_115MockObjectStateEEEptEv
FN:263,_ZNKSt23_Rb_tree_const_iteratorIN7testing11ExpectationEEptEv
FN:268,_ZNSt23_Rb_tree_const_iteratorIN7testing11ExpectationEEppEv
FN:268,_ZNSt23_Rb_tree_const_iteratorISt4pairIKPKvN7testing8internal12CallReactionEEEppEv
FN:268,_ZNSt23_Rb_tree_const_iteratorIPN7testing8internal25UntypedFunctionMockerBaseEEppEv
FN:268,_ZNSt23_Rb_tree_const_iteratorISt4pairIKPKvN7testing12_GLOBAL__N_115MockObjectStateEEEppEv
FN:275,_ZNSt23_Rb_tree_const_iteratorIPN7testing8internal25UntypedFunctionMockerBaseEEppEi
FN:275,_ZNSt23_Rb_tree_const_iteratorISt4pairIKPKvN7testing8internal12CallReactionEEEppEi
FN:298,_ZNKSt23_Rb_tree_const_iteratorIPN7testing8internal25UntypedFunctionMockerBaseEEeqERKS4_
FN:298,_ZNKSt23_Rb_tree_const_iteratorISt4pairIKPKvN7testing12_GLOBAL__N_115MockObjectStateEEEeqERKS8_
FN:298,_ZNKSt23_Rb_tree_const_iteratorISt4pairIKPKvN7testing8internal12CallReactionEEEeqERKS8_
FN:302,_ZNKSt23_Rb_tree_const_iteratorIPN7testing8internal25UntypedFunctionMockerBaseEEneERKS4_
FN:302,_ZNKSt23_Rb_tree_const_iteratorIN7testing11ExpectationEEneERKS2_
FN:302,_ZNKSt23_Rb_tree_const_iteratorISt4pairIKPKvN7testing12_GLOBAL__N_115MockObjectStateEEEneERKS8_
FN:302,_ZNKSt23_Rb_tree_const_iteratorISt4pairIKPKvN7testing8internal12CallReactionEEEneERKS8_
FN:356,_ZNSt8_Rb_treeIN7testing11ExpectationES1_St9_IdentityIS1_ENS1_4LessESaIS1_EE21_M_get_Node_allocatorEv
FN:356,_ZNSt8_Rb_treeIPKvSt4pairIKS1_N7testing8internal12CallReactionEESt10_Select1stIS7_ESt4lessIS1_ESaIS7_EE21_M_get_Node_allocatorEv
FN:356,_ZNSt8_Rb_treeIPKvSt4pairIKS1_N7testing12_GLOBAL__N_115MockObjectStateEESt10_Select1stIS7_ESt4lessIS1_ESaIS7_EE21_M_get_Node_allocatorEv
FN:356,_ZNSt8_Rb_treeIPN7testing8internal25UntypedFunctionMockerBaseES3_St9_IdentityIS3_ESt4lessIS3_ESaIS3_EE21_M_get_Node_allocatorEv
FN:369,_ZNSt8_Rb_treeIPKvSt4pairIKS1_N7testing8internal12CallReactionEESt10_Select1stIS7_ESt4lessIS1_ESaIS7_EE11_M_get_nodeEv
FN:369,_ZNSt8_Rb_treeIN7testing11ExpectationES1_St9_IdentityIS1_ENS1_4LessESaIS1_EE11_M_get_nodeEv
FN:369,_ZNSt8_Rb_treeIPN7testing8internal25UntypedFunctionMockerBaseES3_St9_IdentityIS3_ESt4lessIS3_ESaIS3_EE11_M_get_nodeEv
FN:369,_ZNSt8_Rb_treeIPKvSt4pairIKS1_N7testing12_GLOBAL__N_115MockObjectStateEESt10_Select1stIS7_ESt4lessIS1_ESaIS7_EE11_M_get_nodeEv
FN:373,_ZNSt8_Rb_treeIPN7testing8internal25UntypedFunctionMockerBaseES3_St9_IdentityIS3_ESt4lessIS3_ESaIS3_EE11_M_put_nodeEPSt13_Rb_tree_nodeIS3_E
FN:373,_ZNSt8_Rb_treeIN7testing11ExpectationES1_St9_IdentityIS1_ENS1_4LessESaIS1_EE11_M_put_nodeEPSt13_Rb_tree_nodeIS1_E
FN:373,_ZNSt8_Rb_treeIPKvSt4pairIKS1_N7testing8internal12CallReactionEESt10_Select1stIS7_ESt4lessIS1_ESaIS7_EE11_M_put_nodeEPSt13_Rb_tree_nodeIS7_E
FN:373,_ZNSt8_Rb_treeIPKvSt4pairIKS1_N7testing12_GLOBAL__N_115MockObjectStateEESt10_Select1stIS7_ESt4lessIS1_ESaIS7_EE11_M_put_nodeEPSt13_Rb_tree_nodeIS7_E
FN:401,_ZNSt8_Rb_treeIPKvSt4pairIKS1_N7testing8internal12CallReactionEESt10_Select1stIS7_ESt4lessIS1_ESaIS7_EE14_M_create_nodeIIRKSt21piecewise_construct_tSt5tupleIIRS3_EESI_IIEEEEEPSt13_Rb_tree_nodeIS7_EDpOT_
FN:401,_ZNSt8_Rb_treeIPKvSt4pairIKS1_N7testing12_GLOBAL__N_115MockObjectStateEESt10_Select1stIS7_ESt4lessIS1_ESaIS7_EE14_M_create_nodeIIRKSt21piecewise_construct_tSt5tupleIIRS3_EESI_IIEEEEEPSt13_Rb_tree_nodeIS7_EDpOT_
FN:401,_ZNSt8_Rb_treeIPKvSt4pairIKS1_N7testing12_GLOBAL__N_115MockObjectStateEESt10_Select1stIS7_ESt4lessIS1_ESaIS7_EE14_M_create_nodeIIRKSt21piecewise_construct_tSt5tupleIIOS1_EESI_IIEEEEEPSt13_Rb_tree_nodeIS7_EDpOT_
FN:401,_ZNSt8_Rb_treeIPN7testing8internal25UntypedFunctionMockerBaseES3_St9_IdentityIS3_ESt4lessIS3_ESaIS3_EE14_M_create_nodeIIRKS3_EEEPSt13_Rb_tree_nodeIS3_EDpOT_
FN:401,_ZNSt8_Rb_treeIN7testing11ExpectationES1_St9_IdentityIS1_ENS1_4LessESaIS1_EE14_M_create_nodeIIRKS1_EEEPSt13_Rb_tree_nodeIS1_EDpOT_
FN:419,_ZNSt8_Rb_treeIPKvSt4pairIKS1_N7testing8internal12CallReactionEESt10_Select1stIS7_ESt4lessIS1_ESaIS7_EE15_M_destroy_nodeEPSt13_Rb_tree_nodeIS7_E
FN:419,_ZNSt8_Rb_treeIPN7testing8internal25UntypedFunctionMockerBaseES3_St9_IdentityIS3_ESt4lessIS3_ESaIS3_EE15_M_destroy_nodeEPSt13_Rb_tree_nodeIS3_E
FN:419,_ZNSt8_Rb_treeIN7testing11ExpectationES1_St9_IdentityIS1_ENS1_4LessESaIS1_EE15_M_destroy_nodeEPSt13_Rb_tree_nodeIS1_E
FN:419,_ZNSt8_Rb_treeIPKvSt4pairIKS1_N7testing12_GLOBAL__N_115MockObjectStateEESt10_Select1stIS7_ESt4lessIS1_ESaIS7_EE15_M_destroy_nodeEPSt13_Rb_tree_nodeIS7_E
FN:439,_ZNSt8_Rb_treeIN7testing11ExpectationES1_St9_IdentityIS1_ENS1_4LessESaIS1_EE13_Rb_tree_implIS4_Lb1EED2Ev
FN:439,_ZNSt8_Rb_treeIPN7testing8internal25UntypedFunctionMockerBaseES3_St9_IdentityIS3_ESt4lessIS3_ESaIS3_EE13_Rb_tree_implIS7_Lb1EED2Ev
FN:439,_ZNSt8_Rb_treeIPKvSt4pairIKS1_N7testing12_GLOBAL__N_115MockObjectStateEESt10_Select1stIS7_ESt4lessIS1_ESaIS7_EE13_Rb_tree_implISB_Lb1EED2Ev
FN:439,_ZNSt8_Rb_treeIPKvSt4pairIKS1_N7testing8internal12CallReactionEESt10_Select1stIS7_ESt4lessIS1_ESaIS7_EE13_Rb_tree_implISB_Lb1EED2Ev
FN:445,_ZNSt8_Rb_treeIPKvSt4pairIKS1_N7testing12_GLOBAL__N_115MockObjectStateEESt10_Select1stIS7_ESt4lessIS1_ESaIS7_EE13_Rb_tree_implISB_Lb1EEC2Ev
FN:445,_ZNSt8_Rb_treeIPKvSt4pairIKS1_N7testing8internal12CallReactionEESt10_Select1stIS7_ESt4lessIS1_ESaIS7_EE13_Rb_tree_implISB_Lb1EEC2Ev
FN:445,_ZNSt8_Rb_treeIN7testing11ExpectationES1_St9_IdentityIS1_ENS1_4LessESaIS1_EE13_Rb_tree_implIS4_Lb1EEC2Ev
FN:445,_ZNSt8_Rb_treeIPN7testing8internal25UntypedFunctionMockerBaseES3_St9_IdentityIS3_ESt4lessIS3_ESaIS3_EE13_Rb_tree_implIS7_Lb1EEC2Ev
FN:464,_ZNSt8_Rb_treeIPKvSt4pairIKS1_N7testing8internal12CallReactionEESt10_Select1stIS7_ESt4lessIS1_ESaIS7_EE13_Rb_tree_implISB_Lb1EE13_M_initializeEv
FN:464,_ZNSt8_Rb_treeIN7testing11ExpectationES1_St9_IdentityIS1_ENS1_4LessESaIS1_EE13_Rb_tree_implIS4_Lb1EE13_M_initializeEv
FN:464,_ZNSt8_Rb_treeIPN7testing8internal25UntypedFunctionMockerBaseES3_St9_IdentityIS3_ESt4lessIS3_ESaIS3_EE13_Rb_tree_implIS7_Lb1EE13_M_initializeEv
FN:464,_ZNSt8_Rb_treeIPKvSt4pairIKS1_N7testing12_GLOBAL__N_115MockObjectStateEESt10_Select1stIS7_ESt4lessIS1_ESaIS7_EE13_Rb_tree_implISB_Lb1EE13_M_initializeEv
FN:477,_ZNSt8_Rb_treeIPKvSt4pairIKS1_N7testing8internal12CallReactionEESt10_Select1stIS7_ESt4lessIS1_ESaIS7_EE7_M_rootEv
FN:477,_ZNSt8_Rb_treeIPN7testing8internal25UntypedFunctionMockerBaseES3_St9_IdentityIS3_ESt4lessIS3_ESaIS3_EE7_M_rootEv
FN:485,_ZNSt8_Rb_treeIPN7testing8internal25UntypedFunctionMockerBaseES3_St9_IdentityIS3_ESt4lessIS3_ESaIS3_EE11_M_leftmostEv
FN:485,_ZNSt8_Rb_treeIPKvSt4pairIKS1_N7testing12_GLOBAL__N_115MockObjectStateEESt10_Select1stIS7_ESt4lessIS1_ESaIS7_EE11_M_leftmostEv
FN:485,_ZNSt8_Rb_treeIPKvSt4pairIKS1_N7testing8internal12CallReactionEESt10_Select1stIS7_ESt4lessIS1_ESaIS7_EE11_M_leftmostEv
FN:493,_ZNSt8_Rb_treeIPKvSt4pairIKS1_N7testing8internal12CallReactionEESt10_Select1stIS7_ESt4lessIS1_ESaIS7_EE12_M_rightmostEv
FN:493,_ZNSt8_Rb_treeIPKvSt4pairIKS1_N7testing12_GLOBAL__N_115MockObjectStateEESt10_Select1stIS7_ESt4lessIS1_ESaIS7_EE12_M_rightmostEv
FN:493,_ZNSt8_Rb_treeIPN7testing8internal25UntypedFunctionMockerBaseES3_St9_IdentityIS3_ESt4lessIS3_ESaIS3_EE12_M_rightmostEv
FN:501,_ZNSt8_Rb_treeIPN7testing8internal25UntypedFunctionMockerBaseES3_St9_IdentityIS3_ESt4lessIS3_ESaIS3_EE8_M_beginEv
FN:501,_ZNSt8_Rb_treeIN7testing11ExpectationES1_St9_IdentityIS1_ENS1_4LessESaIS1_EE8_M_beginEv
FN:501,_ZNSt8_Rb_treeIPKvSt4pairIKS1_N7testing8internal12CallReactionEESt10_Select1stIS7_ESt4lessIS1_ESaIS7_EE8_M_beginEv
FN:501,_ZNSt8_Rb_treeIPKvSt4pairIKS1_N7testing12_GLOBAL__N_115MockObjectStateEESt10_Select1stIS7_ESt4lessIS1_ESaIS7_EE8_M_beginEv
FN:505,_ZNKSt8_Rb_treeIPKvSt4pairIKS1_N7testing12_GLOBAL__N_115MockObjectStateEESt10_Select1stIS7_ESt4lessIS1_ESaIS7_EE8_M_beginEv
FN:505,_ZNKSt8_Rb_treeIPKvSt4pairIKS1_N7testing8internal12CallReactionEESt10_Select1stIS7_ESt4lessIS1_ESaIS7_EE8_M_beginEv
FN:512,_ZNSt8_Rb_treeIPKvSt4pairIKS1_N7testing12_GLOBAL__N_115MockObjectStateEESt10_Select1stIS7_ESt4lessIS1_ESaIS7_EE6_M_endEv
FN:512,_ZNSt8_Rb_treeIPKvSt4pairIKS1_N7testing8internal12CallReactionEESt10_Select1stIS7_ESt4lessIS1_ESaIS7_EE6_M_endEv
FN:512,_ZNSt8_Rb_treeIN7testing11ExpectationES1_St9_IdentityIS1_ENS1_4LessESaIS1_EE6_M_endEv
FN:512,_ZNSt8_Rb_treeIPN7testing8internal25UntypedFunctionMockerBaseES3_St9_IdentityIS3_ESt4lessIS3_ESaIS3_EE6_M_endEv
FN:516,_ZNKSt8_Rb_treeIPKvSt4pairIKS1_N7testing12_GLOBAL__N_115MockObjectStateEESt10_Select1stIS7_ESt4lessIS1_ESaIS7_EE6_M_endEv
FN:516,_ZNKSt8_Rb_treeIPKvSt4pairIKS1_N7testing8internal12CallReactionEESt10_Select1stIS7_ESt4lessIS1_ESaIS7_EE6_M_endEv
FN:520,_ZNSt8_Rb_treeIN7testing11ExpectationES1_St9_IdentityIS1_ENS1_4LessESaIS1_EE8_S_valueEPKSt13_Rb_tree_nodeIS1_E
FN:520,_ZNSt8_Rb_treeIPKvSt4pairIKS1_N7testing12_GLOBAL__N_115MockObjectStateEESt10_Select1stIS7_ESt4lessIS1_ESaIS7_EE8_S_valueEPKSt13_Rb_tree_nodeIS7_E
FN:520,_ZNSt8_Rb_treeIPN7testing8internal25UntypedFunctionMockerBaseES3_St9_IdentityIS3_ESt4lessIS3_ESaIS3_EE8_S_valueEPKSt13_Rb_tree_nodeIS3_E
FN:520,_ZNSt8_Rb_treeIPKvSt4pairIKS1_N7testing8internal12CallReactionEESt10_Select1stIS7_ESt4lessIS1_ESaIS7_EE8_S_valueEPKSt13_Rb_tree_nodeIS7_E
FN:524,_ZNSt8_Rb_treeIPKvSt4pairIKS1_N7testing12_GLOBAL__N_115MockObjectStateEESt10_Select1stIS7_ESt4lessIS1_ESaIS7_EE6_S_keyEPKSt13_Rb_tree_nodeIS7_E
FN:524,_ZNSt8_Rb_treeIN7testing11ExpectationES1_St9_IdentityIS1_ENS1_4LessESaIS1_EE6_S_keyEPKSt13_Rb_tree_nodeIS1_E
FN:524,_ZNSt8_Rb_treeIPN7testing8internal25UntypedFunctionMockerBaseES3_St9_IdentityIS3_ESt4lessIS3_ESaIS3_EE6_S_keyEPKSt13_Rb_tree_nodeIS3_E
FN:524,_ZNSt8_Rb_treeIPKvSt4pairIKS1_N7testing8internal12CallReactionEESt10_Select1stIS7_ESt4lessIS1_ESaIS7_EE6_S_keyEPKSt13_Rb_tree_nodeIS7_E
FN:528,_ZNSt8_Rb_treeIN7testing11ExpectationES1_St9_IdentityIS1_ENS1_4LessESaIS1_EE7_S_leftEPSt18_Rb_tree_node_base
FN:528,_ZNSt8_Rb_treeIPKvSt4pairIKS1_N7testing12_GLOBAL__N_115MockObjectStateEESt10_Select1stIS7_ESt4lessIS1_ESaIS7_EE7_S_leftEPSt18_Rb_tree_node_base
FN:528,_ZNSt8_Rb_treeIPN7testing8internal25UntypedFunctionMockerBaseES3_St9_IdentityIS3_ESt4lessIS3_ESaIS3_EE7_S_leftEPSt18_Rb_tree_node_base
FN:528,_ZNSt8_Rb_treeIPKvSt4pairIKS1_N7testing8internal12CallReactionEESt10_Select1stIS7_ESt4lessIS1_ESaIS7_EE7_S_leftEPSt18_Rb_tree_node_base
FN:532,_ZNSt8_Rb_treeIPKvSt4pairIKS1_N7testing12_GLOBAL__N_115MockObjectStateEESt10_Select1stIS7_ESt4lessIS1_ESaIS7_EE7_S_leftEPKSt18_Rb_tree_node_base
FN:532,_ZNSt8_Rb_treeIPKvSt4pairIKS1_N7testing8internal12CallReactionEESt10_Select1stIS7_ESt4lessIS1_ESaIS7_EE7_S_leftEPKSt18_Rb_tree_node_base
FN:536,_ZNSt8_Rb_treeIN7testing11ExpectationES1_St9_IdentityIS1_ENS1_4LessESaIS1_EE8_S_rightEPSt18_Rb_tree_node_base
FN:536,_ZNSt8_Rb_treeIPKvSt4pairIKS1_N7testing12_GLOBAL__N_115MockObjectStateEESt10_Select1stIS7_ESt4lessIS1_ESaIS7_EE8_S_rightEPSt18_Rb_tree_node_base
FN:536,_ZNSt8_Rb_treeIPN7testing8internal25UntypedFunctionMockerBaseES3_St9_IdentityIS3_ESt4lessIS3_ESaIS3_EE8_S_rightEPSt18_Rb_tree_node_base
FN:536,_ZNSt8_Rb_treeIPKvSt4pairIKS1_N7testing8internal12CallReactionEESt10_Select1stIS7_ESt4lessIS1_ESaIS7_EE8_S_rightEPSt18_Rb_tree_node_base
FN:540,_ZNSt8_Rb_treeIPKvSt4pairIKS1_N7testing12_GLOBAL__N_115MockObjectStateEESt10_Select1stIS7_ESt4lessIS1_ESaIS7_EE8_S_rightEPKSt18_Rb_tree_node_base
FN:540,_ZNSt8_Rb_treeIPKvSt4pairIKS1_N7testing8internal12CallReactionEESt10_Select1stIS7_ESt4lessIS1_ESaIS7_EE8_S_rightEPKSt18_Rb_tree_node_base
FN:544,_ZNSt8_Rb_treeIPKvSt4pairIKS1_N7testing8internal12CallReactionEESt10_Select1stIS7_ESt4lessIS1_ESaIS7_EE8_S_valueEPKSt18_Rb_tree_node_base
FN:544,_ZNSt8_Rb_treeIPN7testing8internal25UntypedFunctionMockerBaseES3_St9_IdentityIS3_ESt4lessIS3_ESaIS3_EE8_S_valueEPKSt18_Rb_tree_node_base
FN:544,_ZNSt8_Rb_treeIN7testing11ExpectationES1_St9_IdentityIS1_ENS1_4LessESaIS1_EE8_S_valueEPKSt18_Rb_tree_node_base
FN:544,_ZNSt8_Rb_treeIPKvSt4pairIKS1_N7testing12_GLOBAL__N_115MockObjectStateEESt10_Select1stIS7_ESt4lessIS1_ESaIS7_EE8_S_valueEPKSt18_Rb_tree_node_base
FN:548,_ZNSt8_Rb_treeIPKvSt4pairIKS1_N7testing12_GLOBAL__N_115MockObjectStateEESt10_Select1stIS7_ESt4lessIS1_ESaIS7_EE6_S_keyEPKSt18_Rb_tree_node_base
FN:548,_ZNSt8_Rb_treeIN7testing11ExpectationES1_St9_IdentityIS1_ENS1_4LessESaIS1_EE6_S_keyEPKSt18_Rb_tree_node_base
FN:548,_ZNSt8_Rb_treeIPN7testing8internal25UntypedFunctionMockerBaseES3_St9_IdentityIS3_ESt4lessIS3_ESaIS3_EE6_S_keyEPKSt18_Rb_tree_node_base
FN:548,_ZNSt8_Rb_treeIPKvSt4pairIKS1_N7testing8internal12CallReactionEESt10_Select1stIS7_ESt4lessIS1_ESaIS7_EE6_S_keyEPKSt18_Rb_tree_node_base
FN:648,_ZNSt8_Rb_treeIPN7testing8internal25UntypedFunctionMockerBaseES3_St9_IdentityIS3_ESt4lessIS3_ESaIS3_EEC2Ev
FN:648,_ZNSt8_Rb_treeIPKvSt4pairIKS1_N7testing12_GLOBAL__N_115MockObjectStateEESt10_Select1stIS7_ESt4lessIS1_ESaIS7_EEC2Ev
FN:648,_ZNSt8_Rb_treeIPKvSt4pairIKS1_N7testing8internal12CallReactionEESt10_Select1stIS7_ESt4lessIS1_ESaIS7_EEC2Ev
FN:648,_ZNSt8_Rb_treeIN7testing11ExpectationES1_St9_IdentityIS1_ENS1_4LessESaIS1_EEC2Ev
FN:670,_ZNSt8_Rb_treeIPKvSt4pairIKS1_N7testing8internal12CallReactionEESt10_Select1stIS7_ESt4lessIS1_ESaIS7_EED2Ev
FN:670,_ZNSt8_Rb_treeIN7testing11ExpectationES1_St9_IdentityIS1_ENS1_4LessESaIS1_EED2Ev
FN:670,_ZNSt8_Rb_treeIPN7testing8internal25UntypedFunctionMockerBaseES3_St9_IdentityIS3_ESt4lessIS3_ESaIS3_EED2Ev
FN:670,_ZNSt8_Rb_treeIPKvSt4pairIKS1_N7testing12_GLOBAL__N_115MockObjectStateEESt10_Select1stIS7_ESt4lessIS1_ESaIS7_EED2Ev
FN:678,_ZNKSt8_Rb_treeIPKvSt4pairIKS1_N7testing12_GLOBAL__N_115MockObjectStateEESt10_Select1stIS7_ESt4lessIS1_ESaIS7_EE8key_compEv
FN:678,_ZNKSt8_Rb_treeIPKvSt4pairIKS1_N7testing8internal12CallReactionEESt10_Select1stIS7_ESt4lessIS1_ESaIS7_EE8key_compEv
FN:682,_ZNSt8_Rb_treeIPKvSt4pairIKS1_N7testing8internal12CallReactionEESt10_Select1stIS7_ESt4lessIS1_ESaIS7_EE5beginEv
FN:682,_ZNSt8_Rb_treeIPN7testing8internal25UntypedFunctionMockerBaseES3_St9_IdentityIS3_ESt4lessIS3_ESaIS3_EE5beginEv
FN:682,_ZNSt8_Rb_treeIPKvSt4pairIKS1_N7testing12_GLOBAL__N_115MockObjectStateEESt10_Select1stIS7_ESt4lessIS1_ESaIS7_EE5beginEv
FN:682,_ZNSt8_Rb_treeIN7testing11ExpectationES1_St9_IdentityIS1_ENS1_4LessESaIS1_EE5beginEv
FN:689,_ZNKSt8_Rb_treeIN7testing11ExpectationES1_St9_IdentityIS1_ENS1_4LessESaIS1_EE5beginEv
FN:689,_ZNKSt8_Rb_treeIPN7testing8internal25UntypedFunctionMockerBaseES3_St9_IdentityIS3_ESt4lessIS3_ESaIS3_EE5beginEv
FN:696,_ZNSt8_Rb_treeIPN7testing8internal25UntypedFunctionMockerBaseES3_St9_IdentityIS3_ESt4lessIS3_ESaIS3_EE3endEv
FN:696,_ZNSt8_Rb_treeIPKvSt4pairIKS1_N7testing12_GLOBAL__N_115MockObjectStateEESt10_Select1stIS7_ESt4lessIS1_ESaIS7_EE3endEv
FN:696,_ZNSt8_Rb_treeIPKvSt4pairIKS1_N7testing8internal12CallReactionEESt10_Select1stIS7_ESt4lessIS1_ESaIS7_EE3endEv
FN:700,_ZNKSt8_Rb_treeIPN7testing8internal25UntypedFunctionMockerBaseES3_St9_IdentityIS3_ESt4lessIS3_ESaIS3_EE3endEv
FN:700,_ZNKSt8_Rb_treeIPKvSt4pairIKS1_N7testing8internal12CallReactionEESt10_Select1stIS7_ESt4lessIS1_ESaIS7_EE3endEv
FN:700,_ZNKSt8_Rb_treeIPKvSt4pairIKS1_N7testing12_GLOBAL__N_115MockObjectStateEESt10_Select1stIS7_ESt4lessIS1_ESaIS7_EE3endEv
FN:700,_ZNKSt8_Rb_treeIN7testing11ExpectationES1_St9_IdentityIS1_ENS1_4LessESaIS1_EE3endEv
FN:723,_ZNKSt8_Rb_treeIPN7testing8internal25UntypedFunctionMockerBaseES3_St9_IdentityIS3_ESt4lessIS3_ESaIS3_EE5emptyEv
FN:727,_ZNKSt8_Rb_treeIPN7testing8internal25UntypedFunctionMockerBaseES3_St9_IdentityIS3_ESt4lessIS3_ESaIS3_EE4sizeEv
FN:727,_ZNKSt8_Rb_treeIPKvSt4pairIKS1_N7testing12_GLOBAL__N_115MockObjectStateEESt10_Select1stIS7_ESt4lessIS1_ESaIS7_EE4sizeEv
FN:727,_ZNKSt8_Rb_treeIPKvSt4pairIKS1_N7testing8internal12CallReactionEESt10_Select1stIS7_ESt4lessIS1_ESaIS7_EE4sizeEv
FN:805,_ZNSt8_Rb_treeIPKvSt4pairIKS1_N7testing8internal12CallReactionEESt10_Select1stIS7_ESt4lessIS1_ESaIS7_EE5eraseB5cxx11ESt23_Rb_tree_const_iteratorIS7_E
FN:805,_ZNSt8_Rb_treeIPN7testing8internal25UntypedFunctionMockerBaseES3_St9_IdentityIS3_ESt4lessIS3_ESaIS3_EE5eraseB5cxx11ESt23_Rb_tree_const_iteratorIS3_E
FN:816,_ZNSt8_Rb_treeIPKvSt4pairIKS1_N7testing12_GLOBAL__N_115MockObjectStateEESt10_Select1stIS7_ESt4lessIS1_ESaIS7_EE5eraseB5cxx11ESt17_Rb_tree_iteratorIS7_E
FN:840,_ZNSt8_Rb_treeIPKvSt4pairIKS1_N7testing8internal12CallReactionEESt10_Select1stIS7_ESt4lessIS1_ESaIS7_EE5eraseB5cxx11ESt23_Rb_tree_const_iteratorIS7_ESF_
FN:840,_ZNSt8_Rb_treeIPN7testing8internal25UntypedFunctionMockerBaseES3_St9_IdentityIS3_ESt4lessIS3_ESaIS3_EE5eraseB5cxx11ESt23_Rb_tree_const_iteratorIS3_ESB_
FN:858,_ZNSt8_Rb_treeIPN7testing8internal25UntypedFunctionMockerBaseES3_St9_IdentityIS3_ESt4lessIS3_ESaIS3_EE5clearEv
FN:858,_ZNSt8_Rb_treeIPKvSt4pairIKS1_N7testing8internal12CallReactionEESt10_Select1stIS7_ESt4lessIS1_ESaIS7_EE5clearEv
FN:878,_ZNSt8_Rb_treeIPKvSt4pairIKS1_N7testing8internal12CallReactionEESt10_Select1stIS7_ESt4lessIS1_ESaIS7_EE11lower_boundERS3_
FN:878,_ZNSt8_Rb_treeIPKvSt4pairIKS1_N7testing12_GLOBAL__N_115MockObjectStateEESt10_Select1stIS7_ESt4lessIS1_ESaIS7_EE11lower_boundERS3_
FN:1012,_ZNSt8_Rb_treeIPN7testing8internal25UntypedFunctionMockerBaseES3_St9_IdentityIS3_ESt4lessIS3_ESaIS3_EE10_M_insert_IRKS3_EESt17_Rb_tree_iteratorIS3_EPSt18_Rb_tree_node_baseSG_OT_
FN:1012,_ZNSt8_Rb_treeIN7testing11ExpectationES1_St9_IdentityIS1_ENS1_4LessESaIS1_EE10_M_insert_IRKS1_EESt17_Rb_tree_iteratorIS1_EPSt18_Rb_tree_node_baseSD_OT_
FN:1119,_ZNSt8_Rb_treeIPN7testing8internal25UntypedFunctionMockerBaseES3_St9_IdentityIS3_ESt4lessIS3_ESaIS3_EE8_M_eraseEPSt13_Rb_tree_nodeIS3_E
FN:1119,_ZNSt8_Rb_treeIPKvSt4pairIKS1_N7testing12_GLOBAL__N_115MockObjectStateEESt10_Select1stIS7_ESt4lessIS1_ESaIS7_EE8_M_eraseEPSt13_Rb_tree_nodeIS7_E
FN:1119,_ZNSt8_Rb_treeIN7testing11ExpectationES1_St9_IdentityIS1_ENS1_4LessESaIS1_EE8_M_eraseEPSt13_Rb_tree_nodeIS1_E
FN:1119,_ZNSt8_Rb_treeIPKvSt4pairIKS1_N7testing8internal12CallReactionEESt10_Select1stIS7_ESt4lessIS1_ESaIS7_EE8_M_eraseEPSt13_Rb_tree_nodeIS7_E
FN:1136,_ZNSt8_Rb_treeIPKvSt4pairIKS1_N7testing12_GLOBAL__N_115MockObjectStateEESt10_Select1stIS7_ESt4lessIS1_ESaIS7_EE14_M_lower_boundEPSt13_Rb_tree_nodeIS7_ESG_RS3_
FN:1136,_ZNSt8_Rb_treeIPKvSt4pairIKS1_N7testing8internal12CallReactionEESt10_Select1stIS7_ESt4lessIS1_ESaIS7_EE14_M_lower_boundEPSt13_Rb_tree_nodeIS7_ESG_RS3_
FN:1136,_ZNSt8_Rb_treeIPN7testing8internal25UntypedFunctionMockerBaseES3_St9_IdentityIS3_ESt4lessIS3_ESaIS3_EE14_M_lower_boundEPSt13_Rb_tree_nodeIS3_ESC_RKS3_
FN:1152,_ZNKSt8_Rb_treeIPKvSt4pairIKS1_N7testing8internal12CallReactionEESt10_Select1stIS7_ESt4lessIS1_ESaIS7_EE14_M_lower_boundEPKSt13_Rb_tree_nodeIS7_ESH_RS3_
FN:1152,_ZNKSt8_Rb_treeIPKvSt4pairIKS1_N7testing12_GLOBAL__N_115MockObjectStateEESt10_Select1stIS7_ESt4lessIS1_ESaIS7_EE14_M_lower_boundEPKSt13_Rb_tree_nodeIS7_ESH_RS3_
FN:1168,_ZNSt8_Rb_treeIPKvSt4pairIKS1_N7testing8internal12CallReactionEESt10_Select1stIS7_ESt4lessIS1_ESaIS7_EE14_M_upper_boundEPSt13_Rb_tree_nodeIS7_ESG_RS3_
FN:1168,_ZNSt8_Rb_treeIPN7testing8internal25UntypedFunctionMockerBaseES3_St9_IdentityIS3_ESt4lessIS3_ESaIS3_EE14_M_upper_boundEPSt13_Rb_tree_nodeIS3_ESC_RKS3_
FN:1202,_ZNSt8_Rb_treeIPN7testing8internal25UntypedFunctionMockerBaseES3_St9_IdentityIS3_ESt4lessIS3_ESaIS3_EE11equal_rangeERKS3_
FN:1202,_ZNSt8_Rb_treeIPKvSt4pairIKS1_N7testing8internal12CallReactionEESt10_Select1stIS7_ESt4lessIS1_ESaIS7_EE11equal_rangeERS3_
FN:1314,_ZNSt8_Rb_treeIPN7testing8internal25UntypedFunctionMockerBaseES3_St9_IdentityIS3_ESt4lessIS3_ESaIS3_EE24_M_get_insert_unique_posERKS3_
FN:1314,_ZNSt8_Rb_treeIN7testing11ExpectationES1_St9_IdentityIS1_ENS1_4LessESaIS1_EE24_M_get_insert_unique_posERKS1_
FN:1314,_ZNSt8_Rb_treeIPKvSt4pairIKS1_N7testing12_GLOBAL__N_115MockObjectStateEESt10_Select1stIS7_ESt4lessIS1_ESaIS7_EE24_M_get_insert_unique_posERS3_
FN:1314,_ZNSt8_Rb_treeIPKvSt4pairIKS1_N7testing8internal12CallReactionEESt10_Select1stIS7_ESt4lessIS1_ESaIS7_EE24_M_get_insert_unique_posERS3_
FN:1368,_ZNSt8_Rb_treeIPN7testing8internal25UntypedFunctionMockerBaseES3_St9_IdentityIS3_ESt4lessIS3_ESaIS3_EE16_M_insert_uniqueIRKS3_EESt4pairISt17_Rb_tree_iteratorIS3_EbEOT_
FN:1368,_ZNSt8_Rb_treeIN7testing11ExpectationES1_St9_IdentityIS1_ENS1_4LessESaIS1_EE16_M_insert_uniqueIRKS1_EESt4pairISt17_Rb_tree_iteratorIS1_EbEOT_
FN:1411,_ZNSt8_Rb_treeIPKvSt4pairIKS1_N7testing12_GLOBAL__N_115MockObjectStateEESt10_Select1stIS7_ESt4lessIS1_ESaIS7_EE29_M_get_insert_hint_unique_posESt23_Rb_tree_const_iteratorIS7_ERS3_
FN:1411,_ZNSt8_Rb_treeIPKvSt4pairIKS1_N7testing8internal12CallReactionEESt10_Select1stIS7_ESt4lessIS1_ESaIS7_EE29_M_get_insert_hint_unique_posESt23_Rb_tree_const_iteratorIS7_ERS3_
FN:1568,_ZNSt8_Rb_treeIPKvSt4pairIKS1_N7testing12_GLOBAL__N_115MockObjectStateEESt10_Select1stIS7_ESt4lessIS1_ESaIS7_EE14_M_insert_nodeEPSt18_Rb_tree_node_baseSF_PSt13_Rb_tree_nodeIS7_E
FN:1568,_ZNSt8_Rb_treeIPKvSt4pairIKS1_N7testing8internal12CallReactionEESt10_Select1stIS7_ESt4lessIS1_ESaIS7_EE14_M_insert_nodeEPSt18_Rb_tree_node_baseSF_PSt13_Rb_tree_nodeIS7_E
FN:1666,_ZNSt8_Rb_treeIPKvSt4pairIKS1_N7testing12_GLOBAL__N_115MockObjectStateEESt10_Select1stIS7_ESt4lessIS1_ESaIS7_EE22_M_emplace_hint_uniqueIIRKSt21piecewise_construct_tSt5tupleIIRS3_EESI_IIEEEEESt17_Rb_tree_iteratorIS7_ESt23_Rb_tree_const_iteratorIS7_EDpOT_
FN:1666,_ZNSt8_Rb_treeIPKvSt4pairIKS1_N7testing8internal12CallReactionEESt10_Select1stIS7_ESt4lessIS1_ESaIS7_EE22_M_emplace_hint_uniqueIIRKSt21piecewise_construct_tSt5tupleIIRS3_EESI_IIEEEEESt17_Rb_tree_iteratorIS7_ESt23_Rb_tree_const_iteratorIS7_EDpOT_
FN:1666,_ZNSt8_Rb_treeIPKvSt4pairIKS1_N7testing12_GLOBAL__N_115MockObjectStateEESt10_Select1stIS7_ESt4lessIS1_ESaIS7_EE22_M_emplace_hint_uniqueIIRKSt21piecewise_construct_tSt5tupleIIOS1_EESI_IIEEEEESt17_Rb_tree_iteratorIS7_ESt23_Rb_tree_const_iteratorIS7_EDpOT_
FN:1739,_ZNSt8_Rb_treeIPKvSt4pairIKS1_N7testing8internal12CallReactionEESt10_Select1stIS7_ESt4lessIS1_ESaIS7_EE12_M_erase_auxESt23_Rb_tree_const_iteratorIS7_E
FN:1739,_ZNSt8_Rb_treeIPN7testing8internal25UntypedFunctionMockerBaseES3_St9_IdentityIS3_ESt4lessIS3_ESaIS3_EE12_M_erase_auxESt23_Rb_tree_const_iteratorIS3_E
FN:1739,_ZNSt8_Rb_treeIPKvSt4pairIKS1_N7testing12_GLOBAL__N_115MockObjectStateEESt10_Select1stIS7_ESt4lessIS1_ESaIS7_EE12_M_erase_auxESt23_Rb_tree_const_iteratorIS7_E
FN:1753,_ZNSt8_Rb_treeIPKvSt4pairIKS1_N7testing8internal12CallReactionEESt10_Select1stIS7_ESt4lessIS1_ESaIS7_EE12_M_erase_auxESt23_Rb_tree_const_iteratorIS7_ESF_
FN:1753,_ZNSt8_Rb_treeIPN7testing8internal25UntypedFunctionMockerBaseES3_St9_IdentityIS3_ESt4lessIS3_ESaIS3_EE12_M_erase_auxESt23_Rb_tree_const_iteratorIS3_ESB_
FN:1766,_ZNSt8_Rb_treeIPN7testing8internal25UntypedFunctionMockerBaseES3_St9_IdentityIS3_ESt4lessIS3_ESaIS3_EE5eraseERKS3_
FN:1766,_ZNSt8_Rb_treeIPKvSt4pairIKS1_N7testing8internal12CallReactionEESt10_Select1stIS7_ESt4lessIS1_ESaIS7_EE5eraseERS3_
FN:1802,_ZNKSt8_Rb_treeIPKvSt4pairIKS1_N7testing12_GLOBAL__N_115MockObjectStateEESt10_Select1stIS7_ESt4lessIS1_ESaIS7_EE4findERS3_
FN:1802,_ZNKSt8_Rb_treeIPKvSt4pairIKS1_N7testing8internal12CallReactionEESt10_Select1stIS7_ESt4lessIS1_ESaIS7_EE4findERS3_
FNDA:0,_ZNSt13_Rb_tree_nodeISt4pairIKPKvN7testing12_GLOBAL__N_115MockObjectStateEEED2Ev
FNDA:0,_ZNSt13_Rb_tree_nodeIN7testing11ExpectationEED2Ev
FNDA:0,_ZNSt13_Rb_tree_nodeIPN7testing8internal25UntypedFunctionMockerBaseEEC2IIRKS3_EEEDpOT_
FNDA:0,_ZNSt13_Rb_tree_nodeIN7testing11ExpectationEEC2IIRKS1_EEEDpOT_
FNDA:0,_ZNSt13_Rb_tree_nodeISt4pairIKPKvN7testing12_GLOBAL__N_115MockObjectStateEEEC2IIRKSt21piecewise_construct_tSt5tupleIIOS2_EESD_IIEEEEEDpOT_
FNDA:0,_ZNSt13_Rb_tree_nodeISt4pairIKPKvN7testing12_GLOBAL__N_115MockObjectStateEEEC2IIRKSt21piecewise_construct_tSt5tupleIIRS3_EESD_IIEEEEEDpOT_
FNDA:0,_ZNSt13_Rb_tree_nodeISt4pairIKPKvN7testing8internal12CallReactionEEEC2IIRKSt21piecewise_construct_tSt5tupleIIRS3_EESD_IIEEEEEDpOT_
FNDA:0,_ZNSt17_Rb_tree_iteratorIPN7testing8internal25UntypedFunctionMockerBaseEEC2EPSt13_Rb_tree_nodeIS3_E
FNDA:0,_ZNSt17_Rb_tree_iteratorISt4pairIKPKvN7testing8internal12CallReactionEEEC2EPSt13_Rb_tree_nodeIS7_E
FNDA:2,_ZNSt17_Rb_tree_iteratorISt4pairIKPKvN7testing12_GLOBAL__N_115MockObjectStateEEEC2EPSt13_Rb_tree_nodeIS7_E
FNDA:0,_ZNSt17_Rb_tree_iteratorIN7testing11ExpectationEEC2EPSt13_Rb_tree_nodeIS1_E
FNDA:0,_ZNKSt17_Rb_tree_iteratorISt4pairIKPKvN7testing12_GLOBAL__N_115MockObjectStateEEEdeEv
FNDA:0,_ZNKSt17_Rb_tree_iteratorISt4pairIKPKvN7testing8internal12CallReactionEEEdeEv
FNDA:0,_ZNKSt17_Rb_tree_iteratorISt4pairIKPKvN7testing12_GLOBAL__N_115MockObjectStateEEEptEv
FNDA:0,_ZNSt17_Rb_tree_iteratorISt4pairIKPKvN7testing8internal12CallReactionEEEppEv
FNDA:0,_ZNSt17_Rb_tree_iteratorISt4pairIKPKvN7testing12_GLOBAL__N_115MockObjectStateEEEppEv
FNDA:0,_ZNSt17_Rb_tree_iteratorIPN7testing8internal25UntypedFunctionMockerBaseEEmmEv
FNDA:0,_ZNSt17_Rb_tree_iteratorISt4pairIKPKvN7testing12_GLOBAL__N_115MockObjectStateEEEmmEv
FNDA:0,_ZNSt17_Rb_tree_iteratorISt4pairIKPKvN7testing8internal12CallReactionEEEmmEv
FNDA:0,_ZNSt17_Rb_tree_iteratorIN7testing11ExpectationEEmmEv
FNDA:0,_ZNKSt17_Rb_tree_iteratorIPN7testing8internal25UntypedFunctionMockerBaseEEeqERKS4_
FNDA:0,_ZNKSt17_Rb_tree_iteratorIN7testing11ExpectationEEeqERKS2_
FNDA:0,_ZNKSt17_Rb_tree_iteratorISt4pairIKPKvN7testing12_GLOBAL__N_115MockObjectStateEEEeqERKS8_
FNDA:0,_ZNKSt17_Rb_tree_iteratorISt4pairIKPKvN7testing8internal12CallReactionEEEeqERKS8_
FNDA:0,_ZNKSt17_Rb_tree_iteratorISt4pairIKPKvN7testing12_GLOBAL__N_115MockObjectStateEEEneERKS8_
FNDA:0,_ZNSt23_Rb_tree_const_iteratorIPN7testing8internal25UntypedFunctionMockerBaseEEC2EPKSt13_Rb_tree_nodeIS3_E
FNDA:0,_ZNSt23_Rb_tree_const_iteratorISt4pairIKPKvN7testing12_GLOBAL__N_115MockObjectStateEEEC2EPKSt13_Rb_tree_nodeIS7_E
FNDA:0,_ZNSt23_Rb_tree_const_iteratorISt4pairIKPKvN7testing8internal12CallReactionEEEC2EPKSt13_Rb_tree_nodeIS7_E
FNDA:0,_ZNSt23_Rb_tree_const_iteratorIN7testing11ExpectationEEC2EPKSt13_Rb_tree_nodeIS1_E
FNDA:0,_ZNSt23_Rb_tree_const_iteratorIPN7testing8internal25UntypedFunctionMockerBaseEEC2ERKSt17_Rb_tree_iteratorIS3_E
FNDA:0,_ZNSt23_Rb_tree_const_iteratorISt4pairIKPKvN7testing8internal12CallReactionEEEC2ERKSt17_Rb_tree_iteratorIS7_E
FNDA:0,_ZNSt23_Rb_tree_const_iteratorIN7testing11ExpectationEEC2ERKSt17_Rb_tree_iteratorIS1_E
FNDA:2,_ZNSt23_Rb_tree_const_iteratorISt4pairIKPKvN7testing12_GLOBAL__N_115MockObjectStateEEEC2ERKSt17_Rb_tree_iteratorIS7_E
FNDA:0,_ZNKSt23_Rb_tree_const_iteratorIPN7testing8internal25UntypedFunctionMockerBaseEE13_M_const_castEv
FNDA:0,_ZNKSt23_Rb_tree_const_iteratorISt4pairIKPKvN7testing12_GLOBAL__N_115MockObjectStateEEE13_M_const_castEv
FNDA:0,_ZNKSt23_Rb_tree_const_iteratorISt4pairIKPKvN7testing8internal12CallReactionEEE13_M_const_castEv
FNDA:0,_ZNKSt23_Rb_tree_const_iteratorIPN7testing8internal25UntypedFunctionMockerBaseEEdeEv
FNDA:0,_ZNKSt23_Rb_tree_const_iteratorIN7testing11ExpectationEEdeEv
FNDA:0,_ZNKSt23_Rb_tree_const_iteratorISt4pairIKPKvN7testing12_GLOBAL__N_115MockObjectStateEEEptEv
FNDA:0,_ZNKSt23_Rb_tree_const_iteratorIN7testing11ExpectationEEptEv
FNDA:0,_ZNSt23_Rb_tree_const_iteratorISt4pairIKPKvN7testing8internal12CallReactionEEEppEv
FNDA:0,_ZNSt23_Rb_tree_const_iteratorIPN7testing8internal25UntypedFunctionMockerBaseEEppEv
FNDA:0,_ZNSt23_Rb_tree_const_iteratorISt4pairIKPKvN7testing12_GLOBAL__N_115MockObjectStateEEEppEv
FNDA:0,_ZNSt23_Rb_tree_const_iteratorIN7testing11ExpectationEEppEv
FNDA:0,_ZNSt23_Rb_tree_const_iteratorIPN7testing8internal25UntypedFunctionMockerBaseEEppEi
FNDA:0,_ZNSt23_Rb_tree_const_iteratorISt4pairIKPKvN7testing8internal12CallReactionEEEppEi
FNDA:0,_ZNKSt23_Rb_tree_const_iteratorIPN7testing8internal25UntypedFunctionMockerBaseEEeqERKS4_
FNDA:0,_ZNKSt23_Rb_tree_const_iteratorISt4pairIKPKvN7testing12_GLOBAL__N_115MockObjectStateEEEeqERKS8_
FNDA:0,_ZNKSt23_Rb_tree_const_iteratorISt4pairIKPKvN7testing8internal12CallReactionEEEeqERKS8_
FNDA:0,_ZNKSt23_Rb_tree_const_iteratorISt4pairIKPKvN7testing8internal12CallReactionEEEneERKS8_
FNDA:0,_ZNKSt23_Rb_tree_const_iteratorIPN7testing8internal25UntypedFunctionMockerBaseEEneERKS4_
FNDA:1,_ZNKSt23_Rb_tree_const_iteratorISt4pairIKPKvN7testing12_GLOBAL__N_115MockObjectStateEEEneERKS8_
FNDA:0,_ZNKSt23_Rb_tree_const_iteratorIN7testing11ExpectationEEneERKS2_
FNDA:0,_ZNSt8_Rb_treeIPKvSt4pairIKS1_N7testing8internal12CallReactionEESt10_Select1stIS7_ESt4lessIS1_ESaIS7_EE21_M_get_Node_allocatorEv
FNDA:0,_ZNSt8_Rb_treeIPKvSt4pairIKS1_N7testing12_GLOBAL__N_115MockObjectStateEESt10_Select1stIS7_ESt4lessIS1_ESaIS7_EE21_M_get_Node_allocatorEv
FNDA:0,_ZNSt8_Rb_treeIPN7testing8internal25UntypedFunctionMockerBaseES3_St9_IdentityIS3_ESt4lessIS3_ESaIS3_EE21_M_get_Node_allocatorEv
FNDA:0,_ZNSt8_Rb_treeIN7testing11ExpectationES1_St9_IdentityIS1_ENS1_4LessESaIS1_EE21_M_get_Node_allocatorEv
FNDA:0,_ZNSt8_Rb_treeIPN7testing8internal25UntypedFunctionMockerBaseES3_St9_IdentityIS3_ESt4lessIS3_ESaIS3_EE11_M_get_nodeEv
FNDA:0,_ZNSt8_Rb_treeIN7testing11ExpectationES1_St9_IdentityIS1_ENS1_4LessESaIS1_EE11_M_get_nodeEv
FNDA:0,_ZNSt8_Rb_treeIPKvSt4pairIKS1_N7testing12_GLOBAL__N_115MockObjectStateEESt10_Select1stIS7_ESt4lessIS1_ESaIS7_EE11_M_get_nodeEv
FNDA:0,_ZNSt8_Rb_treeIPKvSt4pairIKS1_N7testing8internal12CallReactionEESt10_Select1stIS7_ESt4lessIS1_ESaIS7_EE11_M_get_nodeEv
FNDA:0,_ZNSt8_Rb_treeIPKvSt4pairIKS1_N7testing8internal12CallReactionEESt10_Select1stIS7_ESt4lessIS1_ESaIS7_EE11_M_put_nodeEPSt13_Rb_tree_nodeIS7_E
FNDA:0,_ZNSt8_Rb_treeIPKvSt4pairIKS1_N7testing12_GLOBAL__N_115MockObjectStateEESt10_Select1stIS7_ESt4lessIS1_ESaIS7_EE11_M_put_nodeEPSt13_Rb_tree_nodeIS7_E
FNDA:0,_ZNSt8_Rb_treeIPN7testing8internal25UntypedFunctionMockerBaseES3_St9_IdentityIS3_ESt4lessIS3_ESaIS3_EE11_M_put_nodeEPSt13_Rb_tree_nodeIS3_E
FNDA:0,_ZNSt8_Rb_treeIN7testing11ExpectationES1_St9_IdentityIS1_ENS1_4LessESaIS1_EE11_M_put_nodeEPSt13_Rb_tree_nodeIS1_E
FNDA:0,_ZNSt8_Rb_treeIPN7testing8internal25UntypedFunctionMockerBaseES3_St9_IdentityIS3_ESt4lessIS3_ESaIS3_EE14_M_create_nodeIIRKS3_EEEPSt13_Rb_tree_nodeIS3_EDpOT_
FNDA:0,_ZNSt8_Rb_treeIN7testing11ExpectationES1_St9_IdentityIS1_ENS1_4LessESaIS1_EE14_M_create_nodeIIRKS1_EEEPSt13_Rb_tree_nodeIS1_EDpOT_
FNDA:0,_ZNSt8_Rb_treeIPKvSt4pairIKS1_N7testing12_GLOBAL__N_115MockObjectStateEESt10_Select1stIS7_ESt4lessIS1_ESaIS7_EE14_M_create_nodeIIRKSt21piecewise_construct_tSt5tupleIIOS1_EESI_IIEEEEEPSt13_Rb_tree_nodeIS7_EDpOT_
FNDA:0,_ZNSt8_Rb_treeIPKvSt4pairIKS1_N7testing12_GLOBAL__N_115MockObjectStateEESt10_Select1stIS7_ESt4lessIS1_ESaIS7_EE14_M_create_nodeIIRKSt21piecewise_construct_tSt5tupleIIRS3_EESI_IIEEEEEPSt13_Rb_tree_nodeIS7_EDpOT_
FNDA:0,_ZNSt8_Rb_treeIPKvSt4pairIKS1_N7testing8internal12CallReactionEESt10_Select1stIS7_ESt4lessIS1_ESaIS7_EE14_M_create_nodeIIRKSt21piecewise_construct_tSt5tupleIIRS3_EESI_IIEEEEEPSt13_Rb_tree_nodeIS7_EDpOT_
FNDA:0,_ZNSt8_Rb_treeIPKvSt4pairIKS1_N7testing8internal12CallReactionEESt10_Select1stIS7_ESt4lessIS1_ESaIS7_EE15_M_destroy_nodeEPSt13_Rb_tree_nodeIS7_E
FNDA:0,_ZNSt8_Rb_treeIPKvSt4pairIKS1_N7testing12_GLOBAL__N_115MockObjectStateEESt10_Select1stIS7_ESt4lessIS1_ESaIS7_EE15_M_destroy_nodeEPSt13_Rb_tree_nodeIS7_E
FNDA:0,_ZNSt8_Rb_treeIPN7testing8internal25UntypedFunctionMockerBaseES3_St9_IdentityIS3_ESt4lessIS3_ESaIS3_EE15_M_destroy_nodeEPSt13_Rb_tree_nodeIS3_E
FNDA:0,_ZNSt8_Rb_treeIN7testing11ExpectationES1_St9_IdentityIS1_ENS1_4LessESaIS1_EE15_M_destroy_nodeEPSt13_Rb_tree_nodeIS1_E
FNDA:1,_ZNSt8_Rb_treeIPKvSt4pairIKS1_N7testing8internal12CallReactionEESt10_Select1stIS7_ESt4lessIS1_ESaIS7_EE13_Rb_tree_implISB_Lb1EED2Ev
FNDA:1,_ZNSt8_Rb_treeIPKvSt4pairIKS1_N7testing12_GLOBAL__N_115MockObjectStateEESt10_Select1stIS7_ESt4lessIS1_ESaIS7_EE13_Rb_tree_implISB_Lb1EED2Ev
FNDA:0,_ZNSt8_Rb_treeIPN7testing8internal25UntypedFunctionMockerBaseES3_St9_IdentityIS3_ESt4lessIS3_ESaIS3_EE13_Rb_tree_implIS7_Lb1EED2Ev
FNDA:0,_ZNSt8_Rb_treeIN7testing11ExpectationES1_St9_IdentityIS1_ENS1_4LessESaIS1_EE13_Rb_tree_implIS4_Lb1EED2Ev
FNDA:1,_ZNSt8_Rb_treeIPKvSt4pairIKS1_N7testing8internal12CallReactionEESt10_Select1stIS7_ESt4lessIS1_ESaIS7_EE13_Rb_tree_implISB_Lb1EEC2Ev
FNDA:1,_ZNSt8_Rb_treeIPKvSt4pairIKS1_N7testing12_GLOBAL__N_115MockObjectStateEESt10_Select1stIS7_ESt4lessIS1_ESaIS7_EE13_Rb_tree_implISB_Lb1EEC2Ev
FNDA:0,_ZNSt8_Rb_treeIPN7testing8internal25UntypedFunctionMockerBaseES3_St9_IdentityIS3_ESt4lessIS3_ESaIS3_EE13_Rb_tree_implIS7_Lb1EEC2Ev
FNDA:0,_ZNSt8_Rb_treeIN7testing11ExpectationES1_St9_IdentityIS1_ENS1_4LessESaIS1_EE13_Rb_tree_implIS4_Lb1EEC2Ev
FNDA:1,_ZNSt8_Rb_treeIPKvSt4pairIKS1_N7testing8internal12CallReactionEESt10_Select1stIS7_ESt4lessIS1_ESaIS7_EE13_Rb_tree_implISB_Lb1EE13_M_initializeEv
FNDA:1,_ZNSt8_Rb_treeIPKvSt4pairIKS1_N7testing12_GLOBAL__N_115MockObjectStateEESt10_Select1stIS7_ESt4lessIS1_ESaIS7_EE13_Rb_tree_implISB_Lb1EE13_M_initializeEv
FNDA:0,_ZNSt8_Rb_treeIPN7testing8internal25UntypedFunctionMockerBaseES3_St9_IdentityIS3_ESt4lessIS3_ESaIS3_EE13_Rb_tree_implIS7_Lb1EE13_M_initializeEv
FNDA:0,_ZNSt8_Rb_treeIN7testing11ExpectationES1_St9_IdentityIS1_ENS1_4LessESaIS1_EE13_Rb_tree_implIS4_Lb1EE13_M_initializeEv
FNDA:0,_ZNSt8_Rb_treeIPN7testing8internal25UntypedFunctionMockerBaseES3_St9_IdentityIS3_ESt4lessIS3_ESaIS3_EE7_M_rootEv
FNDA:0,_ZNSt8_Rb_treeIPKvSt4pairIKS1_N7testing8internal12CallReactionEESt10_Select1stIS7_ESt4lessIS1_ESaIS7_EE7_M_rootEv
FNDA:0,_ZNSt8_Rb_treeIPN7testing8internal25UntypedFunctionMockerBaseES3_St9_IdentityIS3_ESt4lessIS3_ESaIS3_EE11_M_leftmostEv
FNDA:0,_ZNSt8_Rb_treeIPKvSt4pairIKS1_N7testing12_GLOBAL__N_115MockObjectStateEESt10_Select1stIS7_ESt4lessIS1_ESaIS7_EE11_M_leftmostEv
FNDA:0,_ZNSt8_Rb_treeIPKvSt4pairIKS1_N7testing8internal12CallReactionEESt10_Select1stIS7_ESt4lessIS1_ESaIS7_EE11_M_leftmostEv
FNDA:0,_ZNSt8_Rb_treeIPN7testing8internal25UntypedFunctionMockerBaseES3_St9_IdentityIS3_ESt4lessIS3_ESaIS3_EE12_M_rightmostEv
FNDA:0,_ZNSt8_Rb_treeIPKvSt4pairIKS1_N7testing12_GLOBAL__N_115MockObjectStateEESt10_Select1stIS7_ESt4lessIS1_ESaIS7_EE12_M_rightmostEv
FNDA:0,_ZNSt8_Rb_treeIPKvSt4pairIKS1_N7testing8internal12CallReactionEESt10_Select1stIS7_ESt4lessIS1_ESaIS7_EE12_M_rightmostEv
FNDA:1,_ZNSt8_Rb_treeIPKvSt4pairIKS1_N7testing8internal12CallReactionEESt10_Select1stIS7_ESt4lessIS1_ESaIS7_EE8_M_beginEv
FNDA:1,_ZNSt8_Rb_treeIPKvSt4pairIKS1_N7testing12_GLOBAL__N_115MockObjectStateEESt10_Select1stIS7_ESt4lessIS1_ESaIS7_EE8_M_beginEv
FNDA:0,_ZNSt8_Rb_treeIPN7testing8internal25UntypedFunctionMockerBaseES3_St9_IdentityIS3_ESt4lessIS3_ESaIS3_EE8_M_beginEv
FNDA:0,_ZNSt8_Rb_treeIN7testing11ExpectationES1_St9_IdentityIS1_ENS1_4LessESaIS1_EE8_M_beginEv
FNDA:0,_ZNKSt8_Rb_treeIPKvSt4pairIKS1_N7testing12_GLOBAL__N_115MockObjectStateEESt10_Select1stIS7_ESt4lessIS1_ESaIS7_EE8_M_beginEv
FNDA:0,_ZNKSt8_Rb_treeIPKvSt4pairIKS1_N7testing8internal12CallReactionEESt10_Select1stIS7_ESt4lessIS1_ESaIS7_EE8_M_beginEv
FNDA:0,_ZNSt8_Rb_treeIPN7testing8internal25UntypedFunctionMockerBaseES3_St9_IdentityIS3_ESt4lessIS3_ESaIS3_EE6_M_endEv
FNDA:0,_ZNSt8_Rb_treeIPKvSt4pairIKS1_N7testing12_GLOBAL__N_115MockObjectStateEESt10_Select1stIS7_ESt4lessIS1_ESaIS7_EE6_M_endEv
FNDA:0,_ZNSt8_Rb_treeIPKvSt4pairIKS1_N7testing8internal12CallReactionEESt10_Select1stIS7_ESt4lessIS1_ESaIS7_EE6_M_endEv
FNDA:0,_ZNSt8_Rb_treeIN7testing11ExpectationES1_St9_IdentityIS1_ENS1_4LessESaIS1_EE6_M_endEv
FNDA:0,_ZNKSt8_Rb_treeIPKvSt4pairIKS1_N7testing12_GLOBAL__N_115MockObjectStateEESt10_Select1stIS7_ESt4lessIS1_ESaIS7_EE6_M_endEv
FNDA:0,_ZNKSt8_Rb_treeIPKvSt4pairIKS1_N7testing8internal12CallReactionEESt10_Select1stIS7_ESt4lessIS1_ESaIS7_EE6_M_endEv
FNDA:0,_ZNSt8_Rb_treeIPN7testing8internal25UntypedFunctionMockerBaseES3_St9_IdentityIS3_ESt4lessIS3_ESaIS3_EE8_S_valueEPKSt13_Rb_tree_nodeIS3_E
FNDA:0,_ZNSt8_Rb_treeIN7testing11ExpectationES1_St9_IdentityIS1_ENS1_4LessESaIS1_EE8_S_valueEPKSt13_Rb_tree_nodeIS1_E
FNDA:0,_ZNSt8_Rb_treeIPKvSt4pairIKS1_N7testing12_GLOBAL__N_115MockObjectStateEESt10_Select1stIS7_ESt4lessIS1_ESaIS7_EE8_S_valueEPKSt13_Rb_tree_nodeIS7_E
FNDA:0,_ZNSt8_Rb_treeIPKvSt4pairIKS1_N7testing8internal12CallReactionEESt10_Select1stIS7_ESt4lessIS1_ESaIS7_EE8_S_valueEPKSt13_Rb_tree_nodeIS7_E
FNDA:0,_ZNSt8_Rb_treeIPN7testing8internal25UntypedFunctionMockerBaseES3_St9_IdentityIS3_ESt4lessIS3_ESaIS3_EE6_S_keyEPKSt13_Rb_tree_nodeIS3_E
FNDA:0,_ZNSt8_Rb_treeIN7testing11ExpectationES1_St9_IdentityIS1_ENS1_4LessESaIS1_EE6_S_keyEPKSt13_Rb_tree_nodeIS1_E
FNDA:0,_ZNSt8_Rb_treeIPKvSt4pairIKS1_N7testing12_GLOBAL__N_115MockObjectStateEESt10_Select1stIS7_ESt4lessIS1_ESaIS7_EE6_S_keyEPKSt13_Rb_tree_nodeIS7_E
FNDA:0,_ZNSt8_Rb_treeIPKvSt4pairIKS1_N7testing8internal12CallReactionEESt10_Select1stIS7_ESt4lessIS1_ESaIS7_EE6_S_keyEPKSt13_Rb_tree_nodeIS7_E
FNDA:0,_ZNSt8_Rb_treeIPKvSt4pairIKS1_N7testing8internal12CallReactionEESt10_Select1stIS7_ESt4lessIS1_ESaIS7_EE7_S_leftEPSt18_Rb_tree_node_base
[...]
DA:2813,2
DA:2816,1
DA:2817,1
DA:2820,1
DA:2821,1
DA:2824,1
DA:2826,1
DA:2827,1
DA:2828,1
DA:2829,1
DA:2832,0
DA:2833,0
DA:2834,0
DA:2835,0
DA:2838,0
DA:2839,0
DA:2840,0
DA:2841,0
DA:2843,0
DA:2844,0
DA:2845,0
DA:2846,0
DA:2848,0
DA:2849,0
DA:2850,0
DA:2851,0
DA:2856,1
DA:2858,1
DA:2861,1
DA:2862,1
DA:2864,1
DA:2866,1
DA:2867,1
DA:2868,1
DA:2870,1
DA:2871,1
DA:2872,0
DA:2873,0
DA:2874,0
DA:2875,0
DA:2877,0
DA:2880,1
DA:2881,1
DA:2882,0
DA:2883,0
DA:2888,0
DA:2891,1
DA:2892,1
DA:2901,1
DA:2908,0
DA:2909,0
DA:2935,3
DA:2936,1
DA:2937,2
DA:2939,1
DA:2940,1
DA:2941,1
DA:2944,1
DA:2945,1
DA:2946,0
DA:2947,0
DA:2948,0
DA:2952,1
DA:2976,1
DA:2977,1
DA:2978,1
DA:2979,1
DA:2980,0
DA:2981,1
DA:2982,1
DA:2983,1
DA:2984,1
DA:2985,1
DA:2986,1
DA:2991,1
DA:2993,1
DA:2994,2
DA:2995,1
DA:2998,1
DA:3000,1
DA:3002,1
DA:3003,2
DA:3004,1
DA:3007,1
DA:3012,0
DA:3021,0
DA:3022,0
DA:3026,0
DA:3027,0
DA:3040,0
DA:3041,0
DA:3085,0
DA:3086,0
DA:3087,0
DA:3088,0
DA:3089,0
DA:3090,0
DA:3092,0
DA:3095,0
DA:3097,0
DA:3098,0
DA:3099,0
DA:3101,0
DA:3102,0
DA:3104,0
DA:3117,0
DA:3118,0
DA:3119,0
DA:3121,0
DA:3122,0
DA:3123,0
DA:3124,0
DA:3125,0
DA:3139,0
DA:3141,0
DA:3143,0
DA:3144,0
DA:3145,0
DA:3147,0
DA:3148,0
DA:3150,0
DA:3151,0
DA:3153,0
DA:3154,0
DA:3156,0
DA:3157,0
DA:3159,0
DA:3160,0
DA:3162,0
DA:3163,0
DA:3165,0
DA:3166,0
DA:3168,0
DA:3169,0
DA:3170,0
DA:3171,0
DA:3173,0
DA:3175,0
DA:3179,0
DA:3185,0
DA:3187,0
DA:3188,0
DA:3189,0
DA:3190,0
DA:3191,0
DA:3193,0
DA:3213,0
DA:3214,0
DA:3215,0
DA:3216,0
DA:3221,0
DA:3223,0
DA:3231,0
DA:3233,0
DA:3234,0
DA:3237,0
DA:3238,0
DA:3239,0
DA:3240,0
DA:3241,0
DA:3242,0
DA:3246,0
DA:3248,0
DA:3249,0
DA:3251,0
DA:3252,0
DA:3254,0
DA:3255,0
DA:3256,0
DA:3258,0
DA:3259,0
DA:3261,0
DA:3262,0
DA:3263,0
DA:3265,0
DA:3271,0
DA:3273,0
DA:3275,0
DA:3276,0
DA:3278,0
DA:3279,0
DA:3283,0
DA:3286,0
DA:3287,0
DA:3289,0
DA:3290,0
DA:3292,0
DA:3294,0
DA:3296,0
DA:3297,0
DA:3301,0
DA:3303,0
DA:3304,0
DA:3305,0
DA:3307,0
DA:3308,0
DA:3309,0
DA:3310,0
DA:3311,0
DA:3312,0
DA:3315,0
DA:3316,0
DA:3317,0
DA:3318,0
DA:3319,0
DA:3320,0
DA:3321,0
DA:3322,0
DA:3326,0
DA:3327,0
DA:3329,0
DA:3330,0
DA:3333,0
DA:3335,0
DA:3336,0
DA:3337,0
DA:3339,0
DA:3341,0
DA:3344,0
DA:3345,0
DA:3347,0
DA:3348,0
DA:3349,0
DA:3351,0
DA:3352,0
DA:3353,0
DA:3355,0
DA:3356,0
DA:3359,0
DA:3361,0
DA:3363,0
DA:3364,0
DA:3367,0
DA:3369,0
DA:3372,0
DA:3373,0
DA:3376,0
DA:3378,0
DA:3380,0
DA:3382,0
DA:3385,0
DA:3387,0
DA:3388,0
DA:3390,0
DA:3391,0
DA:3392,0
DA:3394,0
DA:3395,0
DA:3399,0
DA:3401,0
DA:3402,0
DA:3403,0
DA:3404,0
DA:3405,0
DA:3407,0
DA:3419,0
DA:3420,0
DA:3421,0
DA:3422,0
DA:3423,0
DA:3428,0
DA:3429,0
DA:3431,0
DA:3432,0
DA:3435,0
DA:3438,0
DA:3439,0
DA:3440,0
DA:3443,0
DA:3444,0
DA:3445,0
DA:3446,0
DA:3451,0
DA:3452,0
DA:3453,0
DA:3454,0
DA:3458,0
DA:3461,0
DA:3462,0
DA:3464,0
DA:3465,0
DA:3466,0
DA:3471,0
DA:3473,0
DA:3474,0
DA:3475,0
DA:3477,0
DA:3486,0
DA:3488,0
DA:3489,0
DA:3490,0
DA:3491,0
DA:3493,0
DA:3494,0
DA:3497,0
DA:3499,0
DA:3500,0
DA:3512,0
DA:3515,0
DA:3518,7
DA:3520,7
DA:3530,1
DA:3531,1
DA:3533,1
DA:3537,0
DA:3538,0
DA:3539,0
DA:3541,1
DA:3543,1
DA:3544,1
DA:3545,0
DA:3547,1
DA:3559,1
DA:3560,0
DA:3562,1
DA:3563,1
DA:3565,1
DA:3571,1
DA:3572,1
DA:3573,1
DA:3578,1
DA:3579,1
DA:3580,1
DA:3581,0
DA:3582,0
DA:3583,1
DA:3588,3
DA:3595,1
DA:3596,1
DA:3599,1
DA:3600,1
DA:3601,1
DA:3602,1
DA:3604,1
DA:3611,0
DA:3612,0
DA:3615,0
DA:3616,0
DA:3617,0
DA:3618,0
DA:3620,0
DA:3624,0
DA:3625,0
DA:3628,0
DA:3629,0
DA:3630,0
DA:3641,20
DA:3657,20
DA:3658,20
DA:3663,0
DA:3664,0
DA:3668,0
DA:3669,0
DA:3673,0
DA:3674,0
DA:3679,2
DA:3680,2
DA:3684,1
DA:3685,1
DA:3689,1
DA:3692,1
DA:3693,1
DA:3697,0
DA:3698,0
DA:3702,0
DA:3703,0
DA:3707,0
DA:3710,2
DA:3714,0
DA:3715,0
DA:3719,1
DA:3720,1
DA:3724,1
DA:3728,0
DA:3732,0
DA:3733,0
DA:3738,0
DA:3739,0
DA:3744,0
DA:3745,0
DA:3750,2
DA:3751,2
DA:3764,0
DA:3765,0
DA:3766,0
DA:3769,0
DA:3770,0
DA:3777,0
DA:3783,0
DA:3784,0
DA:3786,0
DA:3787,0
DA:3788,0
DA:3790,0
DA:3792,0
DA:3793,0
DA:3794,0
DA:3798,0
DA:3799,0
DA:3804,0
DA:3805,0
DA:3806,0
DA:3808,0
DA:3814,0
DA:3825,0
DA:3827,0
DA:3829,0
DA:3836,0
DA:3837,0
DA:3844,0
DA:3846,0
DA:3847,0
DA:3854,1
DA:3856,1
DA:3881,1
DA:3885,1
DA:3929,1
DA:3934,0
DA:3935,0
DA:3940,0
DA:3942,0
DA:3943,0
DA:3948,0
DA:3950,0
DA:3951,0
DA:3955,0
DA:3961,0
DA:3963,0
DA:3968,1
DA:3969,1
DA:3970,1
DA:3973,2
DA:3974,1
DA:3975,1
DA:3979,0
DA:3981,0
DA:3982,0
DA:3983,0
DA:3986,0
DA:3988,0
DA:3989,0
DA:3990,0
DA:3994,1
DA:4026,1
DA:4029,2
DA:4030,1
DA:4031,1
DA:4033,3
DA:4035,1
DA:4038,1
DA:4040,1
DA:4041,2
DA:4048,0
DA:4049,0
DA:4052,0
DA:4053,0
DA:4054,0
DA:4055,0
DA:4056,0
DA:4057,0
DA:4059,0
DA:4060,0
DA:4062,0
DA:4063,0
DA:4068,1
DA:4069,1
DA:4070,0
DA:4071,1
DA:4076,1
DA:4077,1
DA:4078,1
DA:4080,0
DA:4081,1
DA:4083,0
DA:4084,0
DA:4085,1
DA:4086,1
DA:4091,1
DA:4092,1
DA:4093,1
DA:4094,0
DA:4095,0
DA:4097,0
DA:4100,0
DA:4101,0
DA:4104,1
DA:4112,2
DA:4114,2
DA:4115,1
DA:4118,1
DA:4119,1
DA:4125,1
DA:4129,1
DA:4133,1
DA:4136,2
DA:4146,3
DA:4149,1
DA:4150,1
DA:4153,0
DA:4154,0
DA:4173,1
DA:4180,1
DA:4182,1
DA:4183,0
DA:4187,1
DA:4190,2
DA:4191,2
DA:4196,0
DA:4197,0
DA:4198,0
DA:4201,1
DA:4204,1
DA:4205,1
DA:4210,0
DA:4211,0
DA:4222,1
DA:4224,1
DA:4227,0
DA:4228,0
DA:4232,1
DA:4233,0
DA:4237,1
DA:4242,1
DA:4246,1
DA:4249,1
DA:4253,1
DA:4259,1
DA:4262,1
DA:4264,0
DA:4265,0
DA:4269,1
DA:4272,1
DA:4274,1
DA:4276,1
DA:4277,1
DA:4281,1
DA:4283,1
DA:4284,2
DA:4287,1
DA:4289,1
DA:4292,1
DA:4293,0
DA:4297,0
DA:4301,1
DA:4304,1
DA:4306,1
DA:4307,1
DA:4308,1
DA:4312,1
DA:4313,2
DA:4315,1
DA:4320,1
DA:4322,1
DA:4323,1
DA:4326,1
DA:4329,1
DA:4332,1
DA:4333,0
DA:4342,1
DA:4344,1
DA:4346,0
DA:4350,1
DA:4352,1
DA:4359,1
DA:4360,1
DA:4361,1
DA:4362,0
DA:4363,0
DA:4367,0
DA:4368,0
DA:4369,0
DA:4371,0
DA:4373,1
DA:4381,2
DA:4384,2
DA:4385,0
DA:4388,2
DA:4389,2
DA:4391,2
DA:4392,2
DA:4393,0
DA:4395,0
DA:4396,0
DA:4397,0
DA:4398,0
DA:4399,0
DA:4400,0
DA:4401,0
DA:4403,0
DA:4404,0
DA:4405,0
DA:4406,0
DA:4407,0
DA:4408,0
DA:4409,0
DA:4411,0
DA:4412,0
DA:4413,0
DA:4414,0
DA:4415,0
DA:4416,0
DA:4417,0
DA:4420,0
DA:4426,4
DA:4427,4
DA:4428,4
DA:4429,4
DA:4433,0
DA:4434,0
DA:4435,0
DA:4437,0
DA:4444,0
DA:4445,0
DA:4455,1
DA:4457,1
DA:4459,1
DA:4465,1
DA:4466,1
DA:4467,2
DA:4468,1
DA:4469,1
DA:4470,1
DA:4472,2
DA:4473,1
DA:4474,1
DA:4479,2
DA:4481,2
DA:4482,1
DA:4486,1
DA:4487,1
DA:4490,1
DA:4491,1
DA:4493,2
DA:4494,0
DA:4496,1
DA:4498,1
DA:4499,1
DA:4501,1
DA:4502,1
DA:4503,1
DA:4504,1
DA:4505,1
DA:4512,0
DA:4513,0
DA:4514,0
DA:4515,0
DA:4516,0
DA:4517,0
DA:4519,0
DA:4520,0
DA:4521,0
DA:4523,0
DA:4524,0
DA:4528,0
DA:4531,0
DA:4533,0
DA:4535,0
DA:4536,0
DA:4537,0
DA:4539,0
DA:4541,0
DA:4542,0
DA:4543,0
DA:4544,0
DA:4545,0
DA:4546,0
DA:4547,0
DA:4550,0
DA:4552,0
DA:4554,0
DA:4555,0
DA:4556,0
DA:4559,0
DA:4561,0
DA:4565,0
DA:4566,0
DA:4573,0
DA:4575,0
DA:4576,0
DA:4577,0
DA:4579,0
DA:4584,7
DA:4585,7
DA:4586,1
DA:4589,7
DA:4594,3
DA:4596,3
DA:4601,0
DA:4603,0
DA:4607,0
DA:4610,0
DA:4611,0
DA:4613,0
DA:4616,1
DA:4617,2
DA:4619,1
DA:4621,1
DA:4623,1
DA:4635,0
DA:4639,0
DA:4648,44
DA:4650,0
DA:4654,0
DA:4655,0
DA:4657,0
DA:4663,0
DA:4664,0
DA:4665,0
DA:4666,0
DA:4667,0
DA:4669,0
DA:4677,0
DA:4681,0
DA:4684,0
DA:4685,0
DA:4686,0
DA:4689,0
DA:4692,0
DA:4693,0
DA:4699,0
DA:4702,0
DA:4715,0
DA:4717,0
DA:4720,0
DA:4723,0
DA:4724,0
DA:4732,0
DA:4734,0
DA:4737,0
DA:4740,0
DA:4741,0
DA:4749,0
DA:4751,0
DA:4754,0
DA:4757,0
DA:4758,0
DA:4767,0
DA:4768,0
DA:4769,0
DA:4770,0
DA:4771,0
DA:4772,0
DA:4773,0
DA:4787,0
DA:4788,0
DA:4795,0
DA:4796,0
DA:4797,0
DA:4798,0
DA:4801,0
DA:4803,0
DA:4804,0
DA:4805,0
DA:4806,0
DA:4807,0
DA:4808,0
DA:4809,0
DA:4810,0
DA:4811,0
DA:4812,0
DA:4813,0
DA:4814,0
DA:4816,0
DA:4818,0
DA:4889,1
DA:4890,1
DA:4891,0
DA:4892,0
DA:4899,0
DA:4900,0
DA:4902,0
DA:4904,0
DA:4905,0
DA:4907,0
DA:4909,0
DA:4910,0
DA:4912,0
DA:4913,0
DA:4914,0
DA:4915,0
DA:4916,0
DA:4917,0
DA:4918,0
DA:4920,0
DA:4922,0
DA:4924,0
DA:4930,0
DA:4931,0
DA:4935,0
DA:4939,0
DA:4940,0
DA:4941,0
DA:4942,0
DA:4945,0
DA:4949,1
DA:4953,0
DA:4955,1
DA:4959,1
DA:4960,1
DA:4961,1
DA:4962,0
DA:4963,0
DA:4964,0
DA:4971,1
DA:4972,1
DA:4975,1
DA:4977,1
DA:4979,1
DA:4983,1
DA:4984,2
DA:4985,1
DA:4990,1
DA:4991,1
DA:5005,1
DA:5006,1
DA:5007,1
DA:5011,0
DA:5012,0
DA:5013,0
LF:1685
LH:576
end_of_record
TN:
SF:/usr/include/c++/4.8.2/bits/basic_ios.h
FN:46,_ZSt13__check_facetISt5ctypeIcEERKT_PS3_
FNDA:0,_ZSt13__check_facetISt5ctypeIcEERKT_PS3_
FNF:1
FNH:0
DA:46,0
DA:48,0
DA:49,0
DA:50,0
LF:4
LH:0
end_of_record
SF:/usr/include/c++/4.8.2/bits/char_traits.h
FN:258,_ZNSt11char_traitsIcE6lengthEPKc
FNDA:0,_ZNSt11char_traitsIcE6lengthEPKc
FNF:1
FNH:0
DA:258,0
DA:259,0
LF:2
LH:0
end_of_record
SF:/usr/include/c++/4.8.2/bits/ios_base.h
FN:157,_ZStorSt12_Ios_IostateS_
FNDA:0,_ZStorSt12_Ios_IostateS_
FNF:1
FNH:0
DA:157,0
DA:158,0
LF:2
LH:0
end_of_record
SF:/usr/include/c++/4.8.2/bits/locale_facets.h
FN:865,_ZNKSt5ctypeIcE5widenEc
FNDA:0,_ZNKSt5ctypeIcE5widenEc
FNF:1
FNH:0
DA:865,0
DA:867,0
DA:868,0
DA:869,0
DA:870,0
LF:5
LH:0
end_of_record
SF:/usr/include/c++/4.8.2/iostream
DA:74,1
LF:1
LH:1
end_of_record
SF:/home/vagrant/project/cleancode/201610/DupDetector/src/main.cpp
FN:4,_Z7main_utiPPc
FN:13,_Z41__static_initialization_and_destruction_0ii
FN:13,_GLOBAL__sub_I__Z7main_utiPPc
FNDA:0,_Z7main_utiPPc
FNDA:1,_GLOBAL__sub_I__Z7main_utiPPc
FNDA:1,_Z41__static_initialization_and_destruction_0ii
FNF:3
FNH:2
DA:4,0
DA:11,0
DA:12,0
DA:13,3
LF:4
LH:1
end_of_record
TN:
SF:/usr/include/c++/4.8.2/bits/allocator.h
FN:133,_ZSteqIcEbRKSaIT_ES3_
FNDA:0,_ZSteqIcEbRKSaIT_ES3_
FNF:1
FNH:0
DA:133,0
DA:134,0
LF:2
LH:0
end_of_record
SF:/usr/include/c++/4.8.2/bits/basic_string.h
FN:272,_ZNSs12_Alloc_hiderD2Ev
FN:1721,_ZNSs16_S_construct_auxIPcEES0_T_S1_RKSaIcESt12__false_type
FN:1743,_ZNSs12_S_constructIPcEES0_T_S1_RKSaIcE
FNDA:0,_ZNSs12_Alloc_hiderD2Ev
FNDA:0,_ZNSs16_S_construct_auxIPcEES0_T_S1_RKSaIcESt12__false_type
FNDA:0,_ZNSs12_S_constructIPcEES0_T_S1_RKSaIcE
FNF:3
FNH:0
DA:272,0
DA:1721,0
DA:1725,0
DA:1743,0
DA:1746,0
LF:5
LH:0
end_of_record
SF:/usr/include/c++/4.8.2/bits/basic_string.tcc
FN:123,_ZNSs12_S_constructIPcEES0_T_S1_RKSaIcESt20forward_iterator_tag
FN:227,_ZNSsC2IPcEET_S1_RKSaIcE
FNDA:0,_ZNSs12_S_constructIPcEES0_T_S1_RKSaIcESt20forward_iterator_tag
FNDA:0,_ZNSsC2IPcEET_S1_RKSaIcE
FNF:2
FNH:0
DA:123,0
DA:128,0
DA:129,0
DA:132,0
DA:133,0
DA:136,0
DA:138,0
DA:140,0
DA:141,0
DA:143,0
DA:144,0
DA:146,0
DA:147,0
DA:227,0
DA:229,0
DA:230,0
LF:16
LH:0
end_of_record
SF:/usr/include/c++/4.8.2/bits/char_traits.h
FN:242,_ZNSt11char_traitsIcE6assignERcRKc
FN:270,_ZNSt11char_traitsIcE4copyEPcPKcm
FNDA:0,_ZNSt11char_traitsIcE6assignERcRKc
FNDA:0,_ZNSt11char_traitsIcE4copyEPcPKcm
FNF:2
FNH:0
DA:242,0
DA:243,0
DA:270,0
DA:271,0
LF:4
LH:0
end_of_record
SF:/usr/include/c++/4.8.2/bits/ios_base.h
FN:119,_ZStorSt13_Ios_OpenmodeS_
FNDA:42,_ZStorSt13_Ios_OpenmodeS_
FNF:1
FNH:1
DA:119,42
DA:120,42
LF:2
LH:2
end_of_record
SF:/usr/include/c++/4.8.2/bits/stl_iterator_base_funcs.h
FN:90,_ZSt10__distanceIPcENSt15iterator_traitsIT_E15difference_typeES2_S2_St26random_access_iterator_tag
FN:114,_ZSt8distanceIPcENSt15iterator_traitsIT_E15difference_typeES2_S2_
FNDA:0,_ZSt10__distanceIPcENSt15iterator_traitsIT_E15difference_typeES2_S2_St26random_access_iterator_tag
FNDA:0,_ZSt8distanceIPcENSt15iterator_traitsIT_E15difference_typeES2_S2_
FNF:2
FNH:0
DA:90,0
DA:96,0
DA:114,0
DA:118,0
LF:4
LH:0
end_of_record
SF:/usr/include/c++/4.8.2/bits/stl_iterator_base_types.h
FN:201,_ZSt19__iterator_categoryIPcENSt15iterator_traitsIT_E17iterator_categoryERKS2_
FNDA:0,_ZSt19__iterator_categoryIPcENSt15iterator_traitsIT_E17iterator_categoryERKS2_
FNF:1
FNH:0
DA:201,0
DA:202,0
LF:2
LH:0
end_of_record
SF:/usr/include/c++/4.8.2/ext/atomicity.h
FN:48,_ZN9__gnu_cxxL18__exchange_and_addEPVii
FN:65,_ZN9__gnu_cxxL25__exchange_and_add_singleEPii
FN:78,_ZN9__gnu_cxxL27__exchange_and_add_dispatchEPii
FNDA:0,_ZN9__gnu_cxxL18__exchange_and_addEPVii
FNDA:0,_ZN9__gnu_cxxL25__exchange_and_add_singleEPii
FNDA:0,_ZN9__gnu_cxxL27__exchange_and_add_dispatchEPii
FNF:3
FNH:0
DA:48,0
DA:49,0
DA:65,0
DA:67,0
DA:68,0
DA:69,0
DA:78,0
DA:81,0
DA:82,0
DA:84,0
LF:10
LH:0
end_of_record
SF:/usr/include/c++/4.8.2/ext/new_allocator.h
FN:79,_ZN9__gnu_cxx13new_allocatorIcEC2Ev
FN:81,_ZN9__gnu_cxx13new_allocatorIcEC2ERKS1_
FN:86,_ZN9__gnu_cxx13new_allocatorIcED2Ev
FNDA:0,_ZN9__gnu_cxx13new_allocatorIcEC2Ev
FNDA:0,_ZN9__gnu_cxx13new_allocatorIcEC2ERKS1_
FNDA:0,_ZN9__gnu_cxx13new_allocatorIcED2Ev
FNF:3
FNH:0
DA:79,0
DA:81,0
DA:86,0
LF:3
LH:0
end_of_record
SF:/usr/include/c++/4.8.2/ext/type_traits.h
FN:150,_ZN9__gnu_cxx17__is_null_pointerIcEEbPT_
FNDA:0,_ZN9__gnu_cxx17__is_null_pointerIcEEbPT_
FNF:1
FNH:0
DA:150,0
DA:151,0
LF:2
LH:0
end_of_record
SF:/usr/include/c++/4.8.2/iostream
DA:74,1
LF:1
LH:1
end_of_record
SF:/usr/include/c++/4.8.2/sstream
FN:64,_ZNSt15basic_stringbufIcSt11char_traitsIcESaIcEED0Ev
FN:64,_ZNSt15basic_stringbufIcSt11char_traitsIcESaIcEED2Ev
FNDA:0,_ZNSt15basic_stringbufIcSt11char_traitsIcESaIcEED0Ev
FNDA:0,_ZNSt15basic_stringbufIcSt11char_traitsIcESaIcEED2Ev
FNF:2
FNH:0
DA:64,0
LF:1
LH:0
end_of_record
SF:/usr/include/c++/4.8.2/x86_64-redhat-linux/bits/gthr-default.h
FN:247,_ZL18__gthread_active_pv
FNDA:0,_ZL18__gthread_active_pv
FNF:1
FNH:0
DA:247,0
DA:251,0
LF:2
LH:0
end_of_record
SF:/home/vagrant/project/cleancode/201610/DupDetector/ut/cases/CloneTest.cpp
FN:9,_ZN20CloneDetectorTestingC2Ev
FN:12,_ZN20CloneDetectorTesting5SetUpEv
FN:16,_ZN20CloneDetectorTesting8TearDownEv
FN:20,_ZN20CloneDetectorTestingD0Ev
FN:20,_ZN20CloneDetectorTestingD2Ev
FN:24,_ZN33CloneDetectorTesting_listDir_TestD0Ev
FN:24,_ZN33CloneDetectorTesting_listDir_Test8TestBodyEv
FN:24,_ZN33CloneDetectorTesting_listDir_TestD2Ev
FN:24,_ZN33CloneDetectorTesting_listDir_TestC2Ev
FN:28,_Z41__static_initialization_and_destruction_0ii
FN:28,_GLOBAL__sub_I__ZN33CloneDetectorTesting_listDir_Test10test_info_E
FNDA:1,_ZN20CloneDetectorTestingC2Ev
FNDA:1,_ZN20CloneDetectorTesting5SetUpEv
FNDA:1,_ZN20CloneDetectorTesting8TearDownEv
FNDA:0,_ZN20CloneDetectorTestingD0Ev
FNDA:1,_ZN20CloneDetectorTestingD2Ev
FNDA:1,_ZN33CloneDetectorTesting_listDir_TestD0Ev
FNDA:1,_ZN33CloneDetectorTesting_listDir_TestD2Ev
FNDA:1,_ZN33CloneDetectorTesting_listDir_Test8TestBodyEv
FNDA:1,_ZN33CloneDetectorTesting_listDir_TestC2Ev
FNDA:1,_GLOBAL__sub_I__ZN33CloneDetectorTesting_listDir_Test10test_info_E
FNDA:1,_Z41__static_initialization_and_destruction_0ii
FNF:11
FNH:10
DA:9,1
DA:12,1
DA:14,1
DA:16,1
DA:18,1
DA:20,1
DA:24,5
DA:26,1
DA:27,1
DA:28,4
LF:10
LH:10
end_of_record
SF:/home/vagrant/project/cleancode/201610/DupDetector/ut/tool/ut_framework/gmock/gmock/gtest/include/gtest/gtest-message.h
FN:85,_ZN7testing7MessageD2Ev
FNDA:42,_ZN7testing7MessageD2Ev
FNF:1
FNH:1
DA:85,42
LF:1
LH:1
end_of_record
SF:/home/vagrant/project/cleancode/201610/DupDetector/ut/tool/ut_framework/gmock/gmock/gtest/include/gtest/gtest-printers.h
FN:218,_ZN16testing_internal26DefaultPrintNonContainerToIiEEvRKT_PSo
FN:335,_ZN7testing8internal14DefaultPrintToIiEEvcNS0_13bool_constantILb0EEERKT_PSo
FN:353,_ZN7testing8internal7PrintToIiEEvRKT_PSo
FN:591,_ZN7testing8internal16UniversalPrinterIiE5PrintERKiPSo
FN:683,_ZN7testing8internal21UniversalTersePrinterIiE5PrintERKiPSo
FN:752,_ZN7testing8internal14UniversalPrintIiEEvRKT_PSo
FN:847,_ZN7testing13PrintToStringIiEESsRKT_
FNDA:0,_ZN16testing_internal26DefaultPrintNonContainerToIiEEvRKT_PSo
FNDA:0,_ZN7testing8internal14DefaultPrintToIiEEvcNS0_13bool_constantILb0EEERKT_PSo
FNDA:0,_ZN7testing8internal7PrintToIiEEvRKT_PSo
FNDA:0,_ZN7testing8internal16UniversalPrinterIiE5PrintERKiPSo
FNDA:0,_ZN7testing8internal21UniversalTersePrinterIiE5PrintERKiPSo
FNDA:0,_ZN7testing8internal14UniversalPrintIiEEvRKT_PSo
FNDA:0,_ZN7testing13PrintToStringIiEESsRKT_
FNF:7
FNH:0
DA:218,0
DA:245,0
DA:246,0
DA:335,0
DA:338,0
DA:339,0
DA:353,0
DA:376,0
DA:377,0
DA:591,0
DA:600,0
DA:601,0
DA:683,0
DA:684,0
DA:685,0
DA:752,0
DA:756,0
DA:757,0
DA:847,0
DA:848,0
DA:849,0
DA:850,0
LF:22
LH:0
end_of_record
SF:/home/vagrant/project/cleancode/201610/DupDetector/ut/tool/ut_framework/gmock/gmock/gtest/include/gtest/gtest.h
FN:256,_ZN7testing15AssertionResultD2Ev
FN:265,_ZNK7testing15AssertionResultcvbEv
FN:274,_ZNK7testing15AssertionResult7messageEv
FN:279,_ZNK7testing15AssertionResult15failure_messageEv
FN:365,_ZN7testing4Test13SetUpTestCaseEv
FN:373,_ZN7testing4Test16TearDownTestCaseEv
FN:451,_ZN7testing4Test5SetupEv
FN:1357,_ZN7testing8internal19FormatForComparisonIiiE6FormatERKi
FN:1431,_ZN7testing8internal33FormatForComparisonFailureMessageIiiEESsRKT_RKT0_
FN:1438,_ZN7testing8internal11CmpHelperEQIiiEENS_15AssertionResultEPKcS4_RKT_RKT0_
FN:1480,_ZN7testing8internal8EqHelperILb0EE7CompareIiiEENS_15AssertionResultEPKcS6_RKT_RKT0_
FNDA:1,_ZN7testing15AssertionResultD2Ev
FNDA:1,_ZNK7testing15AssertionResultcvbEv
FNDA:0,_ZNK7testing15AssertionResult7messageEv
FNDA:0,_ZNK7testing15AssertionResult15failure_messageEv
FNDA:1,_ZN7testing4Test13SetUpTestCaseEv
FNDA:1,_ZN7testing4Test16TearDownTestCaseEv
FNDA:0,_ZN7testing4Test5SetupEv
FNDA:0,_ZN7testing8internal19FormatForComparisonIiiE6FormatERKi
FNDA:0,_ZN7testing8internal33FormatForComparisonFailureMessageIiiEESsRKT_RKT0_
FNDA:1,_ZN7testing8internal11CmpHelperEQIiiEENS_15AssertionResultEPKcS4_RKT_RKT0_
FNDA:1,_ZN7testing8internal8EqHelperILb0EE7CompareIiiEENS_15AssertionResultEPKcS6_RKT_RKT0_
FNF:11
FNH:6
DA:256,1
DA:265,1
DA:274,0
DA:275,0
DA:279,0
DA:365,1
DA:373,1
DA:451,0
DA:1357,0
DA:1358,0
DA:1431,0
DA:1433,0
DA:1438,1
DA:1448,1
DA:1449,1
DA:1460,0
DA:1480,1
DA:1485,1
LF:18
LH:9
end_of_record
SF:/home/vagrant/project/cleancode/201610/DupDetector/ut/tool/ut_framework/gmock/gmock/gtest/include/gtest/internal/gtest-internal.h
FN:417,_ZN7testing8internal9GetTypeIdI20CloneDetectorTestingEEPKvv
FN:436,_ZN7testing8internal15TestFactoryBaseD0Ev
FN:436,_ZN7testing8internal15TestFactoryBaseD2Ev
FN:443,_ZN7testing8internal15TestFactoryBaseC2Ev
FN:452,_ZN7testing8internal15TestFactoryImplI33CloneDetectorTesting_listDir_TestEC2Ev
FN:452,_ZN7testing8internal15TestFactoryImplI33CloneDetectorTesting_listDir_TestED2Ev
FN:452,_ZN7testing8internal15TestFactoryImplI33CloneDetectorTesting_listDir_TestED0Ev
FN:454,_ZN7testing8internal15TestFactoryImplI33CloneDetectorTesting_listDir_TestE10CreateTestEv
FN:869,_ZN7testing8internal15IsContainerTestIiEEcl
FNDA:1,_ZN7testing8internal9GetTypeIdI20CloneDetectorTestingEEPKvv
FNDA:0,_ZN7testing8internal15TestFactoryBaseD0Ev
FNDA:1,_ZN7testing8internal15TestFactoryBaseD2Ev
FNDA:1,_ZN7testing8internal15TestFactoryBaseC2Ev
FNDA:1,_ZN7testing8internal15TestFactoryImplI33CloneDetectorTesting_listDir_TestED0Ev
FNDA:1,_ZN7testing8internal15TestFactoryImplI33CloneDetectorTesting_listDir_TestED2Ev
FNDA:1,_ZN7testing8internal15TestFactoryImplI33CloneDetectorTesting_listDir_TestEC2Ev
FNDA:1,_ZN7testing8internal15TestFactoryImplI33CloneDetectorTesting_listDir_TestE10CreateTestEv
FNDA:0,_ZN7testing8internal15IsContainerTestIiEEcl
FNF:9
FNH:7
DA:417,1
DA:422,1
DA:436,1
DA:443,1
DA:452,3
DA:454,1
DA:869,0
LF:7
LH:6
end_of_record
SF:/home/vagrant/project/cleancode/201610/DupDetector/ut/tool/ut_framework/gmock/gmock/gtest/include/gtest/internal/gtest-port.h
FN:895,_ZN7testing8internal10scoped_ptrISsED2Ev
FN:895,_ZN7testing8internal10scoped_ptrISt18basic_stringstreamIcSt11char_traitsIcESaIcEEED2Ev
FN:898,_ZNK7testing8internal10scoped_ptrISsEptEv
FN:899,_ZNK7testing8internal10scoped_ptrISsE3getEv
FN:907,_ZN7testing8internal10scoped_ptrISsE5resetEPSs
FN:907,_ZN7testing8internal10scoped_ptrISt18basic_stringstreamIcSt11char_traitsIcESaIcEEE5resetEPS6_
FNDA:1,_ZN7testing8internal10scoped_ptrISsED2Ev
FNDA:42,_ZN7testing8internal10scoped_ptrISt18basic_stringstreamIcSt11char_traitsIcESaIcEEED2Ev
FNDA:0,_ZNK7testing8internal10scoped_ptrISsEptEv
FNDA:0,_ZNK7testing8internal10scoped_ptrISsE3getEv
FNDA:42,_ZN7testing8internal10scoped_ptrISt18basic_stringstreamIcSt11char_traitsIcESaIcEEE5resetEPS6_
FNDA:1,_ZN7testing8internal10scoped_ptrISsE5resetEPSs
FNF:6
FNH:4
DA:895,43
DA:898,0
DA:899,0
DA:907,43
DA:908,43
DA:909,42
DA:910,42
DA:912,42
DA:914,43
LF:9
LH:7
end_of_record
